<?xml version="1.0" encoding="UTF-8"?>
<testng-results skipped="0" failed="0" total="195" passed="195">
  <reporter-output>
  </reporter-output>
  <suite name="Surefire suite" duration-ms="1636" started-at="2017-09-14T09:15:25Z" finished-at="2017-09-14T09:15:27Z">
    <groups>
    </groups>
    <test name="Surefire test" duration-ms="1636" started-at="2017-09-14T09:15:25Z" finished-at="2017-09-14T09:15:27Z">
      <class name="com.h3xstream.findsecbugs.scala.SSRFDetectorTest">
        <test-method status="PASS" signature="after()[pri:0, instance:com.h3xstream.findsecbugs.scala.SSRFDetectorTest@23bb8443]" name="after" is-config="true" duration-ms="13" started-at="2017-09-14T17:15:26Z" finished-at="2017-09-14T17:15:26Z">
          <reporter-output>
          </reporter-output>
        </test-method> <!-- after -->
        <test-method status="PASS" signature="detectSSRFInController()[pri:0, instance:com.h3xstream.findsecbugs.scala.SSRFDetectorTest@23bb8443]" name="detectSSRFInController" duration-ms="0" started-at="2017-09-14T17:15:26Z" finished-at="2017-09-14T17:15:26Z">
          <reporter-output>
          </reporter-output>
        </test-method> <!-- detectSSRFInController -->
        <test-method status="PASS" signature="before()[pri:0, instance:com.h3xstream.findsecbugs.scala.SSRFDetectorTest@23bb8443]" name="before" is-config="true" duration-ms="0" started-at="2017-09-14T17:15:26Z" finished-at="2017-09-14T17:15:26Z">
          <reporter-output>
          </reporter-output>
        </test-method> <!-- before -->
      </class> <!-- com.h3xstream.findsecbugs.scala.SSRFDetectorTest -->
      <class name="com.h3xstream.findsecbugs.ldap.LdapEntryPoisoningDetectorTest">
        <test-method status="PASS" signature="after()[pri:0, instance:com.h3xstream.findsecbugs.ldap.LdapEntryPoisoningDetectorTest@32a068d1]" name="after" is-config="true" duration-ms="13" started-at="2017-09-14T17:15:25Z" finished-at="2017-09-14T17:15:25Z">
          <reporter-output>
          </reporter-output>
        </test-method> <!-- after -->
        <test-method status="PASS" signature="detectAnonymousLdapBind()[pri:0, instance:com.h3xstream.findsecbugs.ldap.LdapEntryPoisoningDetectorTest@32a068d1]" name="detectAnonymousLdapBind" duration-ms="0" started-at="2017-09-14T17:15:25Z" finished-at="2017-09-14T17:15:25Z">
          <reporter-output>
          </reporter-output>
        </test-method> <!-- detectAnonymousLdapBind -->
        <test-method status="PASS" signature="before()[pri:0, instance:com.h3xstream.findsecbugs.ldap.LdapEntryPoisoningDetectorTest@32a068d1]" name="before" is-config="true" duration-ms="0" started-at="2017-09-14T17:15:25Z" finished-at="2017-09-14T17:15:25Z">
          <reporter-output>
          </reporter-output>
        </test-method> <!-- before -->
      </class> <!-- com.h3xstream.findsecbugs.ldap.LdapEntryPoisoningDetectorTest -->
      <class name="com.h3xstream.findsecbugs.cookie.CookieFlagsDetectorTest">
        <test-method status="PASS" signature="avoidSecureFlagBasicFalsePositive()[pri:0, instance:com.h3xstream.findsecbugs.cookie.CookieFlagsDetectorTest@5f71c76a]" name="avoidSecureFlagBasicFalsePositive" duration-ms="0" started-at="2017-09-14T17:15:26Z" finished-at="2017-09-14T17:15:26Z">
          <reporter-output>
          </reporter-output>
        </test-method> <!-- avoidSecureFlagBasicFalsePositive -->
        <test-method status="PASS" signature="detectHttpOnlyCookieBasic()[pri:0, instance:com.h3xstream.findsecbugs.cookie.CookieFlagsDetectorTest@5f71c76a]" name="detectHttpOnlyCookieBasic" duration-ms="0" started-at="2017-09-14T17:15:26Z" finished-at="2017-09-14T17:15:26Z">
          <reporter-output>
          </reporter-output>
        </test-method> <!-- detectHttpOnlyCookieBasic -->
        <test-method status="PASS" signature="before()[pri:0, instance:com.h3xstream.findsecbugs.cookie.CookieFlagsDetectorTest@5f71c76a]" name="before" is-config="true" duration-ms="0" started-at="2017-09-14T17:15:26Z" finished-at="2017-09-14T17:15:26Z">
          <reporter-output>
          </reporter-output>
        </test-method> <!-- before -->
        <test-method status="PASS" signature="detectSecureFlagCookieBasic()[pri:0, instance:com.h3xstream.findsecbugs.cookie.CookieFlagsDetectorTest@5f71c76a]" name="detectSecureFlagCookieBasic" duration-ms="1" started-at="2017-09-14T17:15:26Z" finished-at="2017-09-14T17:15:26Z">
          <reporter-output>
          </reporter-output>
        </test-method> <!-- detectSecureFlagCookieBasic -->
        <test-method status="PASS" signature="avoidHttpOnlyBasicFalsePositive()[pri:0, instance:com.h3xstream.findsecbugs.cookie.CookieFlagsDetectorTest@5f71c76a]" name="avoidHttpOnlyBasicFalsePositive" duration-ms="0" started-at="2017-09-14T17:15:26Z" finished-at="2017-09-14T17:15:26Z">
          <reporter-output>
          </reporter-output>
        </test-method> <!-- avoidHttpOnlyBasicFalsePositive -->
        <test-method status="PASS" signature="after()[pri:0, instance:com.h3xstream.findsecbugs.cookie.CookieFlagsDetectorTest@5f71c76a]" name="after" is-config="true" duration-ms="12" started-at="2017-09-14T17:15:26Z" finished-at="2017-09-14T17:15:26Z">
          <reporter-output>
          </reporter-output>
        </test-method> <!-- after -->
      </class> <!-- com.h3xstream.findsecbugs.cookie.CookieFlagsDetectorTest -->
      <class name="com.h3xstream.findsecbugs.ReDosDetectorTest">
        <test-method status="PASS" signature="analyseSafePattern()[pri:0, instance:com.h3xstream.findsecbugs.ReDosDetectorTest@5e25a92e]" name="analyseSafePattern" duration-ms="1" started-at="2017-09-14T17:15:26Z" finished-at="2017-09-14T17:15:26Z">
          <reporter-output>
          </reporter-output>
        </test-method> <!-- analyseSafePattern -->
        <test-method status="PASS" signature="before()[pri:0, instance:com.h3xstream.findsecbugs.ReDosDetectorTest@5e25a92e]" name="before" is-config="true" duration-ms="0" started-at="2017-09-14T17:15:26Z" finished-at="2017-09-14T17:15:26Z">
          <reporter-output>
          </reporter-output>
        </test-method> <!-- before -->
        <test-method status="PASS" signature="analyseSuspectPattern()[pri:0, instance:com.h3xstream.findsecbugs.ReDosDetectorTest@5e25a92e]" name="analyseSuspectPattern" duration-ms="0" started-at="2017-09-14T17:15:26Z" finished-at="2017-09-14T17:15:26Z">
          <reporter-output>
          </reporter-output>
        </test-method> <!-- analyseSuspectPattern -->
        <test-method status="PASS" signature="detectRedosInCode()[pri:0, instance:com.h3xstream.findsecbugs.ReDosDetectorTest@5e25a92e]" name="detectRedosInCode" duration-ms="0" started-at="2017-09-14T17:15:26Z" finished-at="2017-09-14T17:15:26Z">
          <reporter-output>
          </reporter-output>
        </test-method> <!-- detectRedosInCode -->
        <test-method status="PASS" signature="after()[pri:0, instance:com.h3xstream.findsecbugs.ReDosDetectorTest@5e25a92e]" name="after" is-config="true" duration-ms="12" started-at="2017-09-14T17:15:26Z" finished-at="2017-09-14T17:15:26Z">
          <reporter-output>
          </reporter-output>
        </test-method> <!-- after -->
      </class> <!-- com.h3xstream.findsecbugs.ReDosDetectorTest -->
      <class name="com.h3xstream.findsecbugs.endpoint.Struts1EndpointDetectorTest">
        <test-method status="PASS" signature="after()[pri:0, instance:com.h3xstream.findsecbugs.endpoint.Struts1EndpointDetectorTest@2a40cd94]" name="after" is-config="true" duration-ms="9" started-at="2017-09-14T17:15:26Z" finished-at="2017-09-14T17:15:26Z">
          <reporter-output>
          </reporter-output>
        </test-method> <!-- after -->
        <test-method status="PASS" signature="detectStruts1Endpoint()[pri:0, instance:com.h3xstream.findsecbugs.endpoint.Struts1EndpointDetectorTest@2a40cd94]" name="detectStruts1Endpoint" duration-ms="0" started-at="2017-09-14T17:15:26Z" finished-at="2017-09-14T17:15:26Z">
          <reporter-output>
          </reporter-output>
        </test-method> <!-- detectStruts1Endpoint -->
        <test-method status="PASS" signature="before()[pri:0, instance:com.h3xstream.findsecbugs.endpoint.Struts1EndpointDetectorTest@2a40cd94]" name="before" is-config="true" duration-ms="0" started-at="2017-09-14T17:15:26Z" finished-at="2017-09-14T17:15:26Z">
          <reporter-output>
          </reporter-output>
        </test-method> <!-- before -->
      </class> <!-- com.h3xstream.findsecbugs.endpoint.Struts1EndpointDetectorTest -->
      <class name="com.h3xstream.findsecbugs.file.PathTraversalDetectorTest">
        <test-method status="PASS" signature="before()[pri:0, instance:com.h3xstream.findsecbugs.file.PathTraversalDetectorTest@130f889]" name="before" is-config="true" duration-ms="1" started-at="2017-09-14T17:15:27Z" finished-at="2017-09-14T17:15:27Z">
          <reporter-output>
          </reporter-output>
        </test-method> <!-- before -->
        <test-method status="PASS" signature="after()[pri:0, instance:com.h3xstream.findsecbugs.file.PathTraversalDetectorTest@130f889]" name="after" is-config="true" duration-ms="10" started-at="2017-09-14T17:15:27Z" finished-at="2017-09-14T17:15:27Z">
          <reporter-output>
          </reporter-output>
        </test-method> <!-- after -->
        <test-method status="PASS" signature="detectPathTraversal()[pri:0, instance:com.h3xstream.findsecbugs.file.PathTraversalDetectorTest@130f889]" name="detectPathTraversal" duration-ms="0" started-at="2017-09-14T17:15:27Z" finished-at="2017-09-14T17:15:27Z">
          <reporter-output>
          </reporter-output>
        </test-method> <!-- detectPathTraversal -->
      </class> <!-- com.h3xstream.findsecbugs.file.PathTraversalDetectorTest -->
      <class name="com.h3xstream.findsecbugs.endpoint.TapestryEndpointDetectorTest">
        <test-method status="PASS" signature="detectTapestryPagePojo()[pri:0, instance:com.h3xstream.findsecbugs.endpoint.TapestryEndpointDetectorTest@3bd94634]" name="detectTapestryPagePojo" duration-ms="0" started-at="2017-09-14T17:15:26Z" finished-at="2017-09-14T17:15:26Z">
          <reporter-output>
          </reporter-output>
        </test-method> <!-- detectTapestryPagePojo -->
        <test-method status="PASS" signature="before()[pri:0, instance:com.h3xstream.findsecbugs.endpoint.TapestryEndpointDetectorTest@3bd94634]" name="before" is-config="true" duration-ms="0" started-at="2017-09-14T17:15:26Z" finished-at="2017-09-14T17:15:26Z">
          <reporter-output>
          </reporter-output>
        </test-method> <!-- before -->
        <test-method status="PASS" signature="after()[pri:0, instance:com.h3xstream.findsecbugs.endpoint.TapestryEndpointDetectorTest@3bd94634]" name="after" is-config="true" duration-ms="11" started-at="2017-09-14T17:15:26Z" finished-at="2017-09-14T17:15:26Z">
          <reporter-output>
          </reporter-output>
        </test-method> <!-- after -->
        <test-method status="PASS" signature="detectTapestryPageWithFrameworkReference()[pri:0, instance:com.h3xstream.findsecbugs.endpoint.TapestryEndpointDetectorTest@3bd94634]" name="detectTapestryPageWithFrameworkReference" duration-ms="0" started-at="2017-09-14T17:15:26Z" finished-at="2017-09-14T17:15:26Z">
          <reporter-output>
          </reporter-output>
        </test-method> <!-- detectTapestryPageWithFrameworkReference -->
        <test-method status="PASS" signature="noFalsePositiveOnOtherClass()[pri:0, instance:com.h3xstream.findsecbugs.endpoint.TapestryEndpointDetectorTest@3bd94634]" name="noFalsePositiveOnOtherClass" duration-ms="0" started-at="2017-09-14T17:15:26Z" finished-at="2017-09-14T17:15:26Z">
          <reporter-output>
          </reporter-output>
        </test-method> <!-- noFalsePositiveOnOtherClass -->
      </class> <!-- com.h3xstream.findsecbugs.endpoint.TapestryEndpointDetectorTest -->
      <class name="com.h3xstream.findsecbugs.taintanalysis.TaintAnalysisTaintedByAnnotationTest">
        <test-method status="PASS" signature="testVariousTaintedAnnotations()[pri:0, instance:com.h3xstream.findsecbugs.taintanalysis.TaintAnalysisTaintedByAnnotationTest@37574691]" name="testVariousTaintedAnnotations" duration-ms="0" started-at="2017-09-14T17:15:26Z" finished-at="2017-09-14T17:15:26Z">
          <reporter-output>
          </reporter-output>
        </test-method> <!-- testVariousTaintedAnnotations -->
        <test-method status="PASS" signature="after()[pri:0, instance:com.h3xstream.findsecbugs.taintanalysis.TaintAnalysisTaintedByAnnotationTest@37574691]" name="after" is-config="true" duration-ms="11" started-at="2017-09-14T17:15:26Z" finished-at="2017-09-14T17:15:26Z">
          <reporter-output>
          </reporter-output>
        </test-method> <!-- after -->
        <test-method status="PASS" signature="before()[pri:0, instance:com.h3xstream.findsecbugs.taintanalysis.TaintAnalysisTaintedByAnnotationTest@37574691]" name="before" is-config="true" duration-ms="0" started-at="2017-09-14T17:15:26Z" finished-at="2017-09-14T17:15:26Z">
          <reporter-output>
          </reporter-output>
        </test-method> <!-- before -->
        <test-method status="PASS" signature="testSafeTestCases()[pri:0, instance:com.h3xstream.findsecbugs.taintanalysis.TaintAnalysisTaintedByAnnotationTest@37574691]" name="testSafeTestCases" duration-ms="0" started-at="2017-09-14T17:15:26Z" finished-at="2017-09-14T17:15:26Z">
          <reporter-output>
          </reporter-output>
        </test-method> <!-- testSafeTestCases -->
        <test-method status="PASS" signature="testUnsafeTestCases()[pri:0, instance:com.h3xstream.findsecbugs.taintanalysis.TaintAnalysisTaintedByAnnotationTest@37574691]" name="testUnsafeTestCases" duration-ms="0" started-at="2017-09-14T17:15:26Z" finished-at="2017-09-14T17:15:26Z">
          <reporter-output>
          </reporter-output>
        </test-method> <!-- testUnsafeTestCases -->
      </class> <!-- com.h3xstream.findsecbugs.taintanalysis.TaintAnalysisTaintedByAnnotationTest -->
      <class name="com.h3xstream.findsecbugs.csrf.SpringCsrfProtectionDisabledDetectorTest">
        <test-method status="PASS" signature="before()[pri:0, instance:com.h3xstream.findsecbugs.csrf.SpringCsrfProtectionDisabledDetectorTest@de3a06f]" name="before" is-config="true" duration-ms="0" started-at="2017-09-14T17:15:26Z" finished-at="2017-09-14T17:15:26Z">
          <reporter-output>
          </reporter-output>
        </test-method> <!-- before -->
        <test-method status="PASS" signature="detectSpringCsrfProtectionDisabled()[pri:0, instance:com.h3xstream.findsecbugs.csrf.SpringCsrfProtectionDisabledDetectorTest@de3a06f]" name="detectSpringCsrfProtectionDisabled" duration-ms="0" started-at="2017-09-14T17:15:26Z" finished-at="2017-09-14T17:15:26Z">
          <reporter-output>
          </reporter-output>
        </test-method> <!-- detectSpringCsrfProtectionDisabled -->
        <test-method status="PASS" signature="after()[pri:0, instance:com.h3xstream.findsecbugs.csrf.SpringCsrfProtectionDisabledDetectorTest@de3a06f]" name="after" is-config="true" duration-ms="8" started-at="2017-09-14T17:15:26Z" finished-at="2017-09-14T17:15:26Z">
          <reporter-output>
          </reporter-output>
        </test-method> <!-- after -->
      </class> <!-- com.h3xstream.findsecbugs.csrf.SpringCsrfProtectionDisabledDetectorTest -->
      <class name="com.h3xstream.findsecbugs.jsp.JspSpringEvalDetectorTest">
        <test-method status="PASS" signature="before()[pri:0, instance:com.h3xstream.findsecbugs.jsp.JspSpringEvalDetectorTest@2bbaf4f0]" name="before" is-config="true" duration-ms="0" started-at="2017-09-14T17:15:26Z" finished-at="2017-09-14T17:15:26Z">
          <reporter-output>
          </reporter-output>
        </test-method> <!-- before -->
        <test-method status="PASS" signature="jspSpringEval2_unsafe()[pri:0, instance:com.h3xstream.findsecbugs.jsp.JspSpringEvalDetectorTest@2bbaf4f0]" name="jspSpringEval2_unsafe" duration-ms="0" started-at="2017-09-14T17:15:26Z" finished-at="2017-09-14T17:15:26Z">
          <reporter-output>
          </reporter-output>
        </test-method> <!-- jspSpringEval2_unsafe -->
        <test-method status="PASS" signature="jspSpringEval3_unsafe()[pri:0, instance:com.h3xstream.findsecbugs.jsp.JspSpringEvalDetectorTest@2bbaf4f0]" name="jspSpringEval3_unsafe" duration-ms="0" started-at="2017-09-14T17:15:26Z" finished-at="2017-09-14T17:15:26Z">
          <reporter-output>
          </reporter-output>
        </test-method> <!-- jspSpringEval3_unsafe -->
        <test-method status="PASS" signature="jspSpringEval1_unsafe()[pri:0, instance:com.h3xstream.findsecbugs.jsp.JspSpringEvalDetectorTest@2bbaf4f0]" name="jspSpringEval1_unsafe" duration-ms="0" started-at="2017-09-14T17:15:26Z" finished-at="2017-09-14T17:15:26Z">
          <reporter-output>
          </reporter-output>
        </test-method> <!-- jspSpringEval1_unsafe -->
        <test-method status="PASS" signature="jspSpringEval4_safe()[pri:0, instance:com.h3xstream.findsecbugs.jsp.JspSpringEvalDetectorTest@2bbaf4f0]" name="jspSpringEval4_safe" duration-ms="0" started-at="2017-09-14T17:15:26Z" finished-at="2017-09-14T17:15:26Z">
          <reporter-output>
          </reporter-output>
        </test-method> <!-- jspSpringEval4_safe -->
        <test-method status="PASS" signature="after()[pri:0, instance:com.h3xstream.findsecbugs.jsp.JspSpringEvalDetectorTest@2bbaf4f0]" name="after" is-config="true" duration-ms="7" started-at="2017-09-14T17:15:26Z" finished-at="2017-09-14T17:15:26Z">
          <reporter-output>
          </reporter-output>
        </test-method> <!-- after -->
      </class> <!-- com.h3xstream.findsecbugs.jsp.JspSpringEvalDetectorTest -->
      <class name="com.h3xstream.findsecbugs.endpoint.Struts2EndpointDetectorTest">
        <test-method status="PASS" signature="before()[pri:0, instance:com.h3xstream.findsecbugs.endpoint.Struts2EndpointDetectorTest@f4168b8]" name="before" is-config="true" duration-ms="0" started-at="2017-09-14T17:15:26Z" finished-at="2017-09-14T17:15:26Z">
          <reporter-output>
          </reporter-output>
        </test-method> <!-- before -->
        <test-method status="PASS" signature="detectStruts2Endpoint()[pri:0, instance:com.h3xstream.findsecbugs.endpoint.Struts2EndpointDetectorTest@f4168b8]" name="detectStruts2Endpoint" duration-ms="0" started-at="2017-09-14T17:15:26Z" finished-at="2017-09-14T17:15:26Z">
          <reporter-output>
          </reporter-output>
        </test-method> <!-- detectStruts2Endpoint -->
        <test-method status="PASS" signature="after()[pri:0, instance:com.h3xstream.findsecbugs.endpoint.Struts2EndpointDetectorTest@f4168b8]" name="after" is-config="true" duration-ms="11" started-at="2017-09-14T17:15:26Z" finished-at="2017-09-14T17:15:26Z">
          <reporter-output>
          </reporter-output>
        </test-method> <!-- after -->
      </class> <!-- com.h3xstream.findsecbugs.endpoint.Struts2EndpointDetectorTest -->
      <class name="com.h3xstream.findsecbugs.crypto.NullCipherDetectorTest">
        <test-method status="PASS" signature="before()[pri:0, instance:com.h3xstream.findsecbugs.crypto.NullCipherDetectorTest@2473b9ce]" name="before" is-config="true" duration-ms="1" started-at="2017-09-14T17:15:26Z" finished-at="2017-09-14T17:15:26Z">
          <reporter-output>
          </reporter-output>
        </test-method> <!-- before -->
        <test-method status="PASS" signature="detectNullCipher()[pri:0, instance:com.h3xstream.findsecbugs.crypto.NullCipherDetectorTest@2473b9ce]" name="detectNullCipher" duration-ms="0" started-at="2017-09-14T17:15:26Z" finished-at="2017-09-14T17:15:26Z">
          <reporter-output>
          </reporter-output>
        </test-method> <!-- detectNullCipher -->
        <test-method status="PASS" signature="after()[pri:0, instance:com.h3xstream.findsecbugs.crypto.NullCipherDetectorTest@2473b9ce]" name="after" is-config="true" duration-ms="11" started-at="2017-09-14T17:15:26Z" finished-at="2017-09-14T17:15:26Z">
          <reporter-output>
          </reporter-output>
        </test-method> <!-- after -->
      </class> <!-- com.h3xstream.findsecbugs.crypto.NullCipherDetectorTest -->
      <class name="com.h3xstream.findsecbugs.jsp.JstlOutDetectorWeblogicTest">
        <test-method status="PASS" signature="before()[pri:0, instance:com.h3xstream.findsecbugs.jsp.JstlOutDetectorWeblogicTest@70beb599]" name="before" is-config="true" duration-ms="0" started-at="2017-09-14T17:15:26Z" finished-at="2017-09-14T17:15:26Z">
          <reporter-output>
          </reporter-output>
        </test-method> <!-- before -->
        <test-method status="PASS" signature="after()[pri:0, instance:com.h3xstream.findsecbugs.jsp.JstlOutDetectorWeblogicTest@70beb599]" name="after" is-config="true" duration-ms="10" started-at="2017-09-14T17:15:26Z" finished-at="2017-09-14T17:15:26Z">
          <reporter-output>
          </reporter-output>
        </test-method> <!-- after -->
        <test-method status="PASS" signature="jspEscape_weblogic()[pri:0, instance:com.h3xstream.findsecbugs.jsp.JstlOutDetectorWeblogicTest@70beb599]" name="jspEscape_weblogic" duration-ms="0" started-at="2017-09-14T17:15:26Z" finished-at="2017-09-14T17:15:26Z">
          <reporter-output>
          </reporter-output>
        </test-method> <!-- jspEscape_weblogic -->
      </class> <!-- com.h3xstream.findsecbugs.jsp.JstlOutDetectorWeblogicTest -->
      <class name="com.h3xstream.findsecbugs.taintanalysis.JaxRsAnnotatedControllerTest">
        <test-method status="PASS" signature="before()[pri:0, instance:com.h3xstream.findsecbugs.taintanalysis.JaxRsAnnotatedControllerTest@6a79c292]" name="before" is-config="true" duration-ms="1" started-at="2017-09-14T17:15:26Z" finished-at="2017-09-14T17:15:26Z">
          <reporter-output>
          </reporter-output>
        </test-method> <!-- before -->
        <test-method status="PASS" signature="after()[pri:0, instance:com.h3xstream.findsecbugs.taintanalysis.JaxRsAnnotatedControllerTest@6a79c292]" name="after" is-config="true" duration-ms="10" started-at="2017-09-14T17:15:26Z" finished-at="2017-09-14T17:15:26Z">
          <reporter-output>
          </reporter-output>
        </test-method> <!-- after -->
        <test-method status="PASS" signature="testSafeTestCases()[pri:0, instance:com.h3xstream.findsecbugs.taintanalysis.JaxRsAnnotatedControllerTest@6a79c292]" name="testSafeTestCases" duration-ms="0" started-at="2017-09-14T17:15:26Z" finished-at="2017-09-14T17:15:26Z">
          <reporter-output>
          </reporter-output>
        </test-method> <!-- testSafeTestCases -->
      </class> <!-- com.h3xstream.findsecbugs.taintanalysis.JaxRsAnnotatedControllerTest -->
      <class name="com.h3xstream.findsecbugs.bugs.OutOfBoundMutableTest">
        <test-method status="PASS" signature="before()[pri:0, instance:com.h3xstream.findsecbugs.bugs.OutOfBoundMutableTest@69379752]" name="before" is-config="true" duration-ms="0" started-at="2017-09-14T17:15:25Z" finished-at="2017-09-14T17:15:25Z">
          <reporter-output>
          </reporter-output>
        </test-method> <!-- before -->
        <test-method status="PASS" signature="detectSecureFlagCookieBasic()[pri:0, instance:com.h3xstream.findsecbugs.bugs.OutOfBoundMutableTest@69379752]" name="detectSecureFlagCookieBasic" duration-ms="0" started-at="2017-09-14T17:15:25Z" finished-at="2017-09-14T17:15:25Z">
          <reporter-output>
          </reporter-output>
        </test-method> <!-- detectSecureFlagCookieBasic -->
        <test-method status="PASS" signature="after()[pri:0, instance:com.h3xstream.findsecbugs.bugs.OutOfBoundMutableTest@69379752]" name="after" is-config="true" duration-ms="9" started-at="2017-09-14T17:15:25Z" finished-at="2017-09-14T17:15:25Z">
          <reporter-output>
          </reporter-output>
        </test-method> <!-- after -->
      </class> <!-- com.h3xstream.findsecbugs.bugs.OutOfBoundMutableTest -->
      <class name="com.h3xstream.findsecbugs.android.PrintlnUseDetectorTest">
        <test-method status="PASS" signature="detectPrintln()[pri:0, instance:com.h3xstream.findsecbugs.android.PrintlnUseDetectorTest@44f75083]" name="detectPrintln" duration-ms="0" started-at="2017-09-14T17:15:25Z" finished-at="2017-09-14T17:15:25Z">
          <reporter-output>
          </reporter-output>
        </test-method> <!-- detectPrintln -->
        <test-method status="PASS" signature="before()[pri:0, instance:com.h3xstream.findsecbugs.android.PrintlnUseDetectorTest@44f75083]" name="before" is-config="true" duration-ms="0" started-at="2017-09-14T17:15:25Z" finished-at="2017-09-14T17:15:25Z">
          <reporter-output>
          </reporter-output>
        </test-method> <!-- before -->
        <test-method status="PASS" signature="after()[pri:0, instance:com.h3xstream.findsecbugs.android.PrintlnUseDetectorTest@44f75083]" name="after" is-config="true" duration-ms="11" started-at="2017-09-14T17:15:25Z" finished-at="2017-09-14T17:15:25Z">
          <reporter-output>
          </reporter-output>
        </test-method> <!-- after -->
      </class> <!-- com.h3xstream.findsecbugs.android.PrintlnUseDetectorTest -->
      <class name="com.h3xstream.findsecbugs.android.WebViewJavascriptEnabledDetectorTest">
        <test-method status="PASS" signature="before()[pri:0, instance:com.h3xstream.findsecbugs.android.WebViewJavascriptEnabledDetectorTest@2698dc7]" name="before" is-config="true" duration-ms="0" started-at="2017-09-14T17:15:25Z" finished-at="2017-09-14T17:15:25Z">
          <reporter-output>
          </reporter-output>
        </test-method> <!-- before -->
        <test-method status="PASS" signature="after()[pri:0, instance:com.h3xstream.findsecbugs.android.WebViewJavascriptEnabledDetectorTest@2698dc7]" name="after" is-config="true" duration-ms="9" started-at="2017-09-14T17:15:25Z" finished-at="2017-09-14T17:15:25Z">
          <reporter-output>
          </reporter-output>
        </test-method> <!-- after -->
        <test-method status="PASS" signature="detectWebViewJavascriptEnabled()[pri:0, instance:com.h3xstream.findsecbugs.android.WebViewJavascriptEnabledDetectorTest@2698dc7]" name="detectWebViewJavascriptEnabled" duration-ms="0" started-at="2017-09-14T17:15:25Z" finished-at="2017-09-14T17:15:25Z">
          <reporter-output>
          </reporter-output>
        </test-method> <!-- detectWebViewJavascriptEnabled -->
      </class> <!-- com.h3xstream.findsecbugs.android.WebViewJavascriptEnabledDetectorTest -->
      <class name="com.h3xstream.findsecbugs.crypto.EsapiEncryptorDetectorTest">
        <test-method status="PASS" signature="before()[pri:0, instance:com.h3xstream.findsecbugs.crypto.EsapiEncryptorDetectorTest@1ad282e0]" name="before" is-config="true" duration-ms="0" started-at="2017-09-14T17:15:26Z" finished-at="2017-09-14T17:15:26Z">
          <reporter-output>
          </reporter-output>
        </test-method> <!-- before -->
        <test-method status="PASS" signature="after()[pri:0, instance:com.h3xstream.findsecbugs.crypto.EsapiEncryptorDetectorTest@1ad282e0]" name="after" is-config="true" duration-ms="11" started-at="2017-09-14T17:15:26Z" finished-at="2017-09-14T17:15:26Z">
          <reporter-output>
          </reporter-output>
        </test-method> <!-- after -->
        <test-method status="PASS" signature="detectEcryptor()[pri:0, instance:com.h3xstream.findsecbugs.crypto.EsapiEncryptorDetectorTest@1ad282e0]" name="detectEcryptor" duration-ms="0" started-at="2017-09-14T17:15:26Z" finished-at="2017-09-14T17:15:26Z">
          <reporter-output>
          </reporter-output>
        </test-method> <!-- detectEcryptor -->
      </class> <!-- com.h3xstream.findsecbugs.crypto.EsapiEncryptorDetectorTest -->
      <class name="com.h3xstream.findsecbugs.PredictableRandomDetectorScalaTest">
        <test-method status="PASS" signature="before()[pri:0, instance:com.h3xstream.findsecbugs.PredictableRandomDetectorScalaTest@71a794e5]" name="before" is-config="true" duration-ms="0" started-at="2017-09-14T17:15:25Z" finished-at="2017-09-14T17:15:25Z">
          <reporter-output>
          </reporter-output>
        </test-method> <!-- before -->
        <test-method status="PASS" signature="detectUsePredictableRandom()[pri:0, instance:com.h3xstream.findsecbugs.PredictableRandomDetectorScalaTest@71a794e5]" name="detectUsePredictableRandom" duration-ms="0" started-at="2017-09-14T17:15:25Z" finished-at="2017-09-14T17:15:25Z">
          <reporter-output>
          </reporter-output>
        </test-method> <!-- detectUsePredictableRandom -->
        <test-method status="PASS" signature="after()[pri:0, instance:com.h3xstream.findsecbugs.PredictableRandomDetectorScalaTest@71a794e5]" name="after" is-config="true" duration-ms="8" started-at="2017-09-14T17:15:25Z" finished-at="2017-09-14T17:15:25Z">
          <reporter-output>
          </reporter-output>
        </test-method> <!-- after -->
      </class> <!-- com.h3xstream.findsecbugs.PredictableRandomDetectorScalaTest -->
      <class name="com.h3xstream.findsecbugs.injection.script.SpelInjectionTest">
        <test-method status="PASS" signature="after()[pri:0, instance:com.h3xstream.findsecbugs.injection.script.SpelInjectionTest@1ee807c6]" name="after" is-config="true" duration-ms="12" started-at="2017-09-14T17:15:26Z" finished-at="2017-09-14T17:15:26Z">
          <reporter-output>
          </reporter-output>
        </test-method> <!-- after -->
        <test-method status="PASS" signature="detectInjection()[pri:0, instance:com.h3xstream.findsecbugs.injection.script.SpelInjectionTest@1ee807c6]" name="detectInjection" duration-ms="0" started-at="2017-09-14T17:15:26Z" finished-at="2017-09-14T17:15:26Z">
          <reporter-output>
          </reporter-output>
        </test-method> <!-- detectInjection -->
        <test-method status="PASS" signature="before()[pri:0, instance:com.h3xstream.findsecbugs.injection.script.SpelInjectionTest@1ee807c6]" name="before" is-config="true" duration-ms="0" started-at="2017-09-14T17:15:26Z" finished-at="2017-09-14T17:15:26Z">
          <reporter-output>
          </reporter-output>
        </test-method> <!-- before -->
      </class> <!-- com.h3xstream.findsecbugs.injection.script.SpelInjectionTest -->
      <class name="com.h3xstream.findsecbugs.android.GeolocationDetectorTest">
        <test-method status="PASS" signature="after()[pri:0, instance:com.h3xstream.findsecbugs.android.GeolocationDetectorTest@3d0f8e03]" name="after" is-config="true" duration-ms="8" started-at="2017-09-14T17:15:25Z" finished-at="2017-09-14T17:15:25Z">
          <reporter-output>
          </reporter-output>
        </test-method> <!-- after -->
        <test-method status="PASS" signature="detectGeolocationFromWebView()[pri:0, instance:com.h3xstream.findsecbugs.android.GeolocationDetectorTest@3d0f8e03]" name="detectGeolocationFromWebView" duration-ms="0" started-at="2017-09-14T17:15:25Z" finished-at="2017-09-14T17:15:25Z">
          <reporter-output>
          </reporter-output>
        </test-method> <!-- detectGeolocationFromWebView -->
        <test-method status="PASS" signature="before()[pri:0, instance:com.h3xstream.findsecbugs.android.GeolocationDetectorTest@3d0f8e03]" name="before" is-config="true" duration-ms="0" started-at="2017-09-14T17:15:25Z" finished-at="2017-09-14T17:15:25Z">
          <reporter-output>
          </reporter-output>
        </test-method> <!-- before -->
      </class> <!-- com.h3xstream.findsecbugs.android.GeolocationDetectorTest -->
      <class name="com.h3xstream.findsecbugs.template.VelocityDetectorTest">
        <test-method status="PASS" signature="before()[pri:0, instance:com.h3xstream.findsecbugs.template.VelocityDetectorTest@21a947fe]" name="before" is-config="true" duration-ms="0" started-at="2017-09-14T17:15:25Z" finished-at="2017-09-14T17:15:25Z">
          <reporter-output>
          </reporter-output>
        </test-method> <!-- before -->
        <test-method status="PASS" signature="allSignatures()[pri:0, instance:com.h3xstream.findsecbugs.template.VelocityDetectorTest@21a947fe]" name="allSignatures" duration-ms="0" started-at="2017-09-14T17:15:25Z" finished-at="2017-09-14T17:15:25Z">
          <reporter-output>
          </reporter-output>
        </test-method> <!-- allSignatures -->
        <test-method status="PASS" signature="avoidBasicFalsePositive()[pri:0, instance:com.h3xstream.findsecbugs.template.VelocityDetectorTest@21a947fe]" name="avoidBasicFalsePositive" duration-ms="0" started-at="2017-09-14T17:15:25Z" finished-at="2017-09-14T17:15:25Z">
          <reporter-output>
          </reporter-output>
        </test-method> <!-- avoidBasicFalsePositive -->
        <test-method status="PASS" signature="basicUsagesTesting()[pri:0, instance:com.h3xstream.findsecbugs.template.VelocityDetectorTest@21a947fe]" name="basicUsagesTesting" duration-ms="0" started-at="2017-09-14T17:15:25Z" finished-at="2017-09-14T17:15:25Z">
          <reporter-output>
          </reporter-output>
        </test-method> <!-- basicUsagesTesting -->
        <test-method status="PASS" signature="after()[pri:0, instance:com.h3xstream.findsecbugs.template.VelocityDetectorTest@21a947fe]" name="after" is-config="true" duration-ms="9" started-at="2017-09-14T17:15:25Z" finished-at="2017-09-14T17:15:25Z">
          <reporter-output>
          </reporter-output>
        </test-method> <!-- after -->
      </class> <!-- com.h3xstream.findsecbugs.template.VelocityDetectorTest -->
      <class name="com.h3xstream.findsecbugs.WeakFilenameUtilsMethodDetectorTest">
        <test-method status="PASS" signature="detectWeakFilenameUtils()[pri:0, instance:com.h3xstream.findsecbugs.WeakFilenameUtilsMethodDetectorTest@80ec1f8]" name="detectWeakFilenameUtils" duration-ms="1" started-at="2017-09-14T17:15:25Z" finished-at="2017-09-14T17:15:25Z">
          <reporter-output>
          </reporter-output>
        </test-method> <!-- detectWeakFilenameUtils -->
        <test-method status="PASS" signature="before()[pri:0, instance:com.h3xstream.findsecbugs.WeakFilenameUtilsMethodDetectorTest@80ec1f8]" name="before" is-config="true" duration-ms="0" started-at="2017-09-14T17:15:25Z" finished-at="2017-09-14T17:15:25Z">
          <reporter-output>
          </reporter-output>
        </test-method> <!-- before -->
        <test-method status="PASS" signature="after()[pri:0, instance:com.h3xstream.findsecbugs.WeakFilenameUtilsMethodDetectorTest@80ec1f8]" name="after" is-config="true" duration-ms="10" started-at="2017-09-14T17:15:25Z" finished-at="2017-09-14T17:15:25Z">
          <reporter-output>
          </reporter-output>
        </test-method> <!-- after -->
      </class> <!-- com.h3xstream.findsecbugs.WeakFilenameUtilsMethodDetectorTest -->
      <class name="com.h3xstream.findsecbugs.injection.script.ElInjectionTest">
        <test-method status="PASS" signature="detectInjection()[pri:0, instance:com.h3xstream.findsecbugs.injection.script.ElInjectionTest@32464a14]" name="detectInjection" duration-ms="0" started-at="2017-09-14T17:15:26Z" finished-at="2017-09-14T17:15:26Z">
          <reporter-output>
          </reporter-output>
        </test-method> <!-- detectInjection -->
        <test-method status="PASS" signature="before()[pri:0, instance:com.h3xstream.findsecbugs.injection.script.ElInjectionTest@32464a14]" name="before" is-config="true" duration-ms="0" started-at="2017-09-14T17:15:26Z" finished-at="2017-09-14T17:15:26Z">
          <reporter-output>
          </reporter-output>
        </test-method> <!-- before -->
        <test-method status="PASS" signature="after()[pri:0, instance:com.h3xstream.findsecbugs.injection.script.ElInjectionTest@32464a14]" name="after" is-config="true" duration-ms="12" started-at="2017-09-14T17:15:26Z" finished-at="2017-09-14T17:15:26Z">
          <reporter-output>
          </reporter-output>
        </test-method> <!-- after -->
      </class> <!-- com.h3xstream.findsecbugs.injection.script.ElInjectionTest -->
      <class name="com.h3xstream.findsecbugs.injection.sql.JdoInjectionSourceFilterTest">
        <test-method status="PASS" signature="detectJdoInjectionInFilters()[pri:0, instance:com.h3xstream.findsecbugs.injection.sql.JdoInjectionSourceFilterTest@679b62af]" name="detectJdoInjectionInFilters" duration-ms="1" started-at="2017-09-14T17:15:26Z" finished-at="2017-09-14T17:15:26Z">
          <reporter-output>
          </reporter-output>
        </test-method> <!-- detectJdoInjectionInFilters -->
        <test-method status="PASS" signature="before()[pri:0, instance:com.h3xstream.findsecbugs.injection.sql.JdoInjectionSourceFilterTest@679b62af]" name="before" is-config="true" duration-ms="0" started-at="2017-09-14T17:15:26Z" finished-at="2017-09-14T17:15:26Z">
          <reporter-output>
          </reporter-output>
        </test-method> <!-- before -->
        <test-method status="PASS" signature="after()[pri:0, instance:com.h3xstream.findsecbugs.injection.sql.JdoInjectionSourceFilterTest@679b62af]" name="after" is-config="true" duration-ms="10" started-at="2017-09-14T17:15:26Z" finished-at="2017-09-14T17:15:26Z">
          <reporter-output>
          </reporter-output>
        </test-method> <!-- after -->
      </class> <!-- com.h3xstream.findsecbugs.injection.sql.JdoInjectionSourceFilterTest -->
      <class name="com.h3xstream.findsecbugs.injection.custom.CustomInjectionDetectorTest">
        <test-method status="PASS" signature="before()[pri:0, instance:com.h3xstream.findsecbugs.injection.custom.CustomInjectionDetectorTest@15bfd87]" name="before" is-config="true" duration-ms="6" started-at="2017-09-14T17:15:25Z" finished-at="2017-09-14T17:15:25Z">
          <reporter-output>
          </reporter-output>
        </test-method> <!-- before -->
        <test-method status="PASS" signature="after()[pri:0, instance:com.h3xstream.findsecbugs.injection.custom.CustomInjectionDetectorTest@15bfd87]" name="after" is-config="true" duration-ms="19" started-at="2017-09-14T17:15:25Z" finished-at="2017-09-14T17:15:25Z">
          <reporter-output>
          </reporter-output>
        </test-method> <!-- after -->
        <test-method status="PASS" signature="detectInjection()[pri:0, instance:com.h3xstream.findsecbugs.injection.custom.CustomInjectionDetectorTest@15bfd87]" name="detectInjection" duration-ms="0" started-at="2017-09-14T17:15:25Z" finished-at="2017-09-14T17:15:25Z">
          <reporter-output>
          </reporter-output>
        </test-method> <!-- detectInjection -->
      </class> <!-- com.h3xstream.findsecbugs.injection.custom.CustomInjectionDetectorTest -->
      <class name="com.h3xstream.findsecbugs.injection.trust.TrustBoundaryViolationDetectorTest">
        <test-method status="PASS" signature="detectTBV()[pri:0, instance:com.h3xstream.findsecbugs.injection.trust.TrustBoundaryViolationDetectorTest@69a10787]" name="detectTBV" duration-ms="0" started-at="2017-09-14T17:15:26Z" finished-at="2017-09-14T17:15:26Z">
          <reporter-output>
          </reporter-output>
        </test-method> <!-- detectTBV -->
        <test-method status="PASS" signature="after()[pri:0, instance:com.h3xstream.findsecbugs.injection.trust.TrustBoundaryViolationDetectorTest@69a10787]" name="after" is-config="true" duration-ms="10" started-at="2017-09-14T17:15:26Z" finished-at="2017-09-14T17:15:26Z">
          <reporter-output>
          </reporter-output>
        </test-method> <!-- after -->
        <test-method status="PASS" signature="before()[pri:0, instance:com.h3xstream.findsecbugs.injection.trust.TrustBoundaryViolationDetectorTest@69a10787]" name="before" is-config="true" duration-ms="0" started-at="2017-09-14T17:15:26Z" finished-at="2017-09-14T17:15:26Z">
          <reporter-output>
          </reporter-output>
        </test-method> <!-- before -->
      </class> <!-- com.h3xstream.findsecbugs.injection.trust.TrustBoundaryViolationDetectorTest -->
      <class name="com.h3xstream.findsecbugs.injection.sql.SqlMethodUnknownSourceTest">
        <test-method status="PASS" signature="detectInjection()[pri:0, instance:com.h3xstream.findsecbugs.injection.sql.SqlMethodUnknownSourceTest@49c43f4e]" name="detectInjection" duration-ms="1" started-at="2017-09-14T17:15:26Z" finished-at="2017-09-14T17:15:26Z">
          <reporter-output>
          </reporter-output>
        </test-method> <!-- detectInjection -->
        <test-method status="PASS" signature="before()[pri:0, instance:com.h3xstream.findsecbugs.injection.sql.SqlMethodUnknownSourceTest@49c43f4e]" name="before" is-config="true" duration-ms="0" started-at="2017-09-14T17:15:26Z" finished-at="2017-09-14T17:15:26Z">
          <reporter-output>
          </reporter-output>
        </test-method> <!-- before -->
        <test-method status="PASS" signature="after()[pri:0, instance:com.h3xstream.findsecbugs.injection.sql.SqlMethodUnknownSourceTest@49c43f4e]" name="after" is-config="true" duration-ms="10" started-at="2017-09-14T17:15:26Z" finished-at="2017-09-14T17:15:26Z">
          <reporter-output>
          </reporter-output>
        </test-method> <!-- after -->
      </class> <!-- com.h3xstream.findsecbugs.injection.sql.SqlMethodUnknownSourceTest -->
      <class name="com.h3xstream.findsecbugs.crypto.BadHexadecimalConversionDetectorTest">
        <test-method status="PASS" signature="detectBadHexa()[pri:0, instance:com.h3xstream.findsecbugs.crypto.BadHexadecimalConversionDetectorTest@4f51b3e0]" name="detectBadHexa" duration-ms="1" started-at="2017-09-14T17:15:26Z" finished-at="2017-09-14T17:15:26Z">
          <reporter-output>
          </reporter-output>
        </test-method> <!-- detectBadHexa -->
        <test-method status="PASS" signature="before()[pri:0, instance:com.h3xstream.findsecbugs.crypto.BadHexadecimalConversionDetectorTest@4f51b3e0]" name="before" is-config="true" duration-ms="0" started-at="2017-09-14T17:15:26Z" finished-at="2017-09-14T17:15:26Z">
          <reporter-output>
          </reporter-output>
        </test-method> <!-- before -->
        <test-method status="PASS" signature="after()[pri:0, instance:com.h3xstream.findsecbugs.crypto.BadHexadecimalConversionDetectorTest@4f51b3e0]" name="after" is-config="true" duration-ms="11" started-at="2017-09-14T17:15:26Z" finished-at="2017-09-14T17:15:26Z">
          <reporter-output>
          </reporter-output>
        </test-method> <!-- after -->
      </class> <!-- com.h3xstream.findsecbugs.crypto.BadHexadecimalConversionDetectorTest -->
      <class name="com.h3xstream.findsecbugs.injection.fileDisclosure.FileDisclosureDetectorTest">
        <test-method status="PASS" signature="before()[pri:0, instance:com.h3xstream.findsecbugs.injection.fileDisclosure.FileDisclosureDetectorTest@588df31b]" name="before" is-config="true" duration-ms="1" started-at="2017-09-14T17:15:25Z" finished-at="2017-09-14T17:15:25Z">
          <reporter-output>
          </reporter-output>
        </test-method> <!-- before -->
        <test-method status="PASS" signature="after()[pri:0, instance:com.h3xstream.findsecbugs.injection.fileDisclosure.FileDisclosureDetectorTest@588df31b]" name="after" is-config="true" duration-ms="10" started-at="2017-09-14T17:15:25Z" finished-at="2017-09-14T17:15:25Z">
          <reporter-output>
          </reporter-output>
        </test-method> <!-- after -->
        <test-method status="PASS" signature="detectFileDisclosure()[pri:0, instance:com.h3xstream.findsecbugs.injection.fileDisclosure.FileDisclosureDetectorTest@588df31b]" name="detectFileDisclosure" duration-ms="0" started-at="2017-09-14T17:15:25Z" finished-at="2017-09-14T17:15:25Z">
          <reporter-output>
          </reporter-output>
        </test-method> <!-- detectFileDisclosure -->
      </class> <!-- com.h3xstream.findsecbugs.injection.fileDisclosure.FileDisclosureDetectorTest -->
      <class name="com.h3xstream.findsecbugs.ldap.SpringLdapInjectionTest">
        <test-method status="PASS" signature="detectAnonymousLdapBind()[pri:0, instance:com.h3xstream.findsecbugs.ldap.SpringLdapInjectionTest@33cb5951]" name="detectAnonymousLdapBind" duration-ms="0" started-at="2017-09-14T17:15:25Z" finished-at="2017-09-14T17:15:25Z">
          <reporter-output>
          </reporter-output>
        </test-method> <!-- detectAnonymousLdapBind -->
        <test-method status="PASS" signature="before()[pri:0, instance:com.h3xstream.findsecbugs.ldap.SpringLdapInjectionTest@33cb5951]" name="before" is-config="true" duration-ms="0" started-at="2017-09-14T17:15:25Z" finished-at="2017-09-14T17:15:25Z">
          <reporter-output>
          </reporter-output>
        </test-method> <!-- before -->
        <test-method status="PASS" signature="after()[pri:0, instance:com.h3xstream.findsecbugs.ldap.SpringLdapInjectionTest@33cb5951]" name="after" is-config="true" duration-ms="10" started-at="2017-09-14T17:15:25Z" finished-at="2017-09-14T17:15:25Z">
          <reporter-output>
          </reporter-output>
        </test-method> <!-- after -->
      </class> <!-- com.h3xstream.findsecbugs.ldap.SpringLdapInjectionTest -->
      <class name="com.h3xstream.findsecbugs.PredictableRandomDetectorTest">
        <test-method status="PASS" signature="detectUsePredictableRandom()[pri:0, instance:com.h3xstream.findsecbugs.PredictableRandomDetectorTest@76329302]" name="detectUsePredictableRandom" duration-ms="0" started-at="2017-09-14T17:15:26Z" finished-at="2017-09-14T17:15:26Z">
          <reporter-output>
          </reporter-output>
        </test-method> <!-- detectUsePredictableRandom -->
        <test-method status="PASS" signature="after()[pri:0, instance:com.h3xstream.findsecbugs.PredictableRandomDetectorTest@76329302]" name="after" is-config="true" duration-ms="12" started-at="2017-09-14T17:15:26Z" finished-at="2017-09-14T17:15:26Z">
          <reporter-output>
          </reporter-output>
        </test-method> <!-- after -->
        <test-method status="PASS" signature="before()[pri:0, instance:com.h3xstream.findsecbugs.PredictableRandomDetectorTest@76329302]" name="before" is-config="true" duration-ms="0" started-at="2017-09-14T17:15:26Z" finished-at="2017-09-14T17:15:26Z">
          <reporter-output>
          </reporter-output>
        </test-method> <!-- before -->
      </class> <!-- com.h3xstream.findsecbugs.PredictableRandomDetectorTest -->
      <class name="com.h3xstream.findsecbugs.serial.DeserializationGadgetDetectorTest">
        <test-method status="PASS" signature="detectCommonsCollectionGadget()[pri:0, instance:com.h3xstream.findsecbugs.serial.DeserializationGadgetDetectorTest@1176dcec]" name="detectCommonsCollectionGadget" duration-ms="0" started-at="2017-09-14T17:15:26Z" finished-at="2017-09-14T17:15:26Z">
          <reporter-output>
          </reporter-output>
        </test-method> <!-- detectCommonsCollectionGadget -->
        <test-method status="PASS" signature="detectGroovyGadget()[pri:0, instance:com.h3xstream.findsecbugs.serial.DeserializationGadgetDetectorTest@1176dcec]" name="detectGroovyGadget" duration-ms="0" started-at="2017-09-14T17:15:26Z" finished-at="2017-09-14T17:15:26Z">
          <reporter-output>
          </reporter-output>
        </test-method> <!-- detectGroovyGadget -->
        <test-method status="PASS" signature="detectSpringGadget()[pri:0, instance:com.h3xstream.findsecbugs.serial.DeserializationGadgetDetectorTest@1176dcec]" name="detectSpringGadget" duration-ms="0" started-at="2017-09-14T17:15:26Z" finished-at="2017-09-14T17:15:26Z">
          <reporter-output>
          </reporter-output>
        </test-method> <!-- detectSpringGadget -->
        <test-method status="PASS" signature="after()[pri:0, instance:com.h3xstream.findsecbugs.serial.DeserializationGadgetDetectorTest@1176dcec]" name="after" is-config="true" duration-ms="10" started-at="2017-09-14T17:15:26Z" finished-at="2017-09-14T17:15:26Z">
          <reporter-output>
          </reporter-output>
        </test-method> <!-- after -->
        <test-method status="PASS" signature="before()[pri:0, instance:com.h3xstream.findsecbugs.serial.DeserializationGadgetDetectorTest@1176dcec]" name="before" is-config="true" duration-ms="0" started-at="2017-09-14T17:15:26Z" finished-at="2017-09-14T17:15:26Z">
          <reporter-output>
          </reporter-output>
        </test-method> <!-- before -->
      </class> <!-- com.h3xstream.findsecbugs.serial.DeserializationGadgetDetectorTest -->
      <class name="com.h3xstream.findsecbugs.scala.ScalaCommandInjectionDetectorTest">
        <test-method status="PASS" signature="detectCommandInjection()[pri:0, instance:com.h3xstream.findsecbugs.scala.ScalaCommandInjectionDetectorTest@b59d31]" name="detectCommandInjection" duration-ms="0" started-at="2017-09-14T17:15:26Z" finished-at="2017-09-14T17:15:26Z">
          <reporter-output>
          </reporter-output>
        </test-method> <!-- detectCommandInjection -->
        <test-method status="PASS" signature="after()[pri:0, instance:com.h3xstream.findsecbugs.scala.ScalaCommandInjectionDetectorTest@b59d31]" name="after" is-config="true" duration-ms="13" started-at="2017-09-14T17:15:26Z" finished-at="2017-09-14T17:15:26Z">
          <reporter-output>
          </reporter-output>
        </test-method> <!-- after -->
        <test-method status="PASS" signature="before()[pri:0, instance:com.h3xstream.findsecbugs.scala.ScalaCommandInjectionDetectorTest@b59d31]" name="before" is-config="true" duration-ms="0" started-at="2017-09-14T17:15:26Z" finished-at="2017-09-14T17:15:26Z">
          <reporter-output>
          </reporter-output>
        </test-method> <!-- before -->
      </class> <!-- com.h3xstream.findsecbugs.scala.ScalaCommandInjectionDetectorTest -->
      <class name="com.h3xstream.findsecbugs.injection.ldap.JndiLdapInjectionSourceAdditionalSignaturesTest">
        <test-method status="PASS" signature="before()[pri:0, instance:com.h3xstream.findsecbugs.injection.ldap.JndiLdapInjectionSourceAdditionalSignaturesTest@7181ae3f]" name="before" is-config="true" duration-ms="1" started-at="2017-09-14T17:15:26Z" finished-at="2017-09-14T17:15:26Z">
          <reporter-output>
          </reporter-output>
        </test-method> <!-- before -->
        <test-method status="PASS" signature="detectLdapInjectionInQuery()[pri:0, instance:com.h3xstream.findsecbugs.injection.ldap.JndiLdapInjectionSourceAdditionalSignaturesTest@7181ae3f]" name="detectLdapInjectionInQuery" duration-ms="0" started-at="2017-09-14T17:15:26Z" finished-at="2017-09-14T17:15:26Z">
          <reporter-output>
          </reporter-output>
        </test-method> <!-- detectLdapInjectionInQuery -->
        <test-method status="PASS" signature="after()[pri:0, instance:com.h3xstream.findsecbugs.injection.ldap.JndiLdapInjectionSourceAdditionalSignaturesTest@7181ae3f]" name="after" is-config="true" duration-ms="11" started-at="2017-09-14T17:15:26Z" finished-at="2017-09-14T17:15:26Z">
          <reporter-output>
          </reporter-output>
        </test-method> <!-- after -->
        <test-method status="PASS" signature="detectLdapInjectionEdgeCase()[pri:0, instance:com.h3xstream.findsecbugs.injection.ldap.JndiLdapInjectionSourceAdditionalSignaturesTest@7181ae3f]" name="detectLdapInjectionEdgeCase" duration-ms="0" started-at="2017-09-14T17:15:26Z" finished-at="2017-09-14T17:15:26Z">
          <reporter-output>
          </reporter-output>
        </test-method> <!-- detectLdapInjectionEdgeCase -->
        <test-method status="PASS" signature="detectLdapInjectionInQuerySunApi()[pri:0, instance:com.h3xstream.findsecbugs.injection.ldap.JndiLdapInjectionSourceAdditionalSignaturesTest@7181ae3f]" name="detectLdapInjectionInQuerySunApi" duration-ms="0" started-at="2017-09-14T17:15:26Z" finished-at="2017-09-14T17:15:26Z">
          <reporter-output>
          </reporter-output>
        </test-method> <!-- detectLdapInjectionInQuerySunApi -->
      </class> <!-- com.h3xstream.findsecbugs.injection.ldap.JndiLdapInjectionSourceAdditionalSignaturesTest -->
      <class name="com.h3xstream.findsecbugs.injection.script.OgnlInjectionDetectorTest">
        <test-method status="PASS" signature="detectOgnlUtil()[pri:0, instance:com.h3xstream.findsecbugs.injection.script.OgnlInjectionDetectorTest@4e4aea35]" name="detectOgnlUtil" duration-ms="0" started-at="2017-09-14T17:15:26Z" finished-at="2017-09-14T17:15:26Z">
          <reporter-output>
          </reporter-output>
        </test-method> <!-- detectOgnlUtil -->
        <test-method status="PASS" signature="detectOgnlReflectionProvider()[pri:0, instance:com.h3xstream.findsecbugs.injection.script.OgnlInjectionDetectorTest@4e4aea35]" name="detectOgnlReflectionProvider" duration-ms="0" started-at="2017-09-14T17:15:26Z" finished-at="2017-09-14T17:15:26Z">
          <reporter-output>
          </reporter-output>
        </test-method> <!-- detectOgnlReflectionProvider -->
        <test-method status="PASS" signature="after()[pri:0, instance:com.h3xstream.findsecbugs.injection.script.OgnlInjectionDetectorTest@4e4aea35]" name="after" is-config="true" duration-ms="10" started-at="2017-09-14T17:15:26Z" finished-at="2017-09-14T17:15:26Z">
          <reporter-output>
          </reporter-output>
        </test-method> <!-- after -->
        <test-method status="PASS" signature="before()[pri:0, instance:com.h3xstream.findsecbugs.injection.script.OgnlInjectionDetectorTest@4e4aea35]" name="before" is-config="true" duration-ms="0" started-at="2017-09-14T17:15:26Z" finished-at="2017-09-14T17:15:26Z">
          <reporter-output>
          </reporter-output>
        </test-method> <!-- before -->
        <test-method status="PASS" signature="detectTextParser()[pri:0, instance:com.h3xstream.findsecbugs.injection.script.OgnlInjectionDetectorTest@4e4aea35]" name="detectTextParser" duration-ms="0" started-at="2017-09-14T17:15:26Z" finished-at="2017-09-14T17:15:26Z">
          <reporter-output>
          </reporter-output>
        </test-method> <!-- detectTextParser -->
      </class> <!-- com.h3xstream.findsecbugs.injection.script.OgnlInjectionDetectorTest -->
      <class name="com.h3xstream.findsecbugs.xss.XssPortletDetectorTest">
        <test-method status="PASS" signature="after()[pri:0, instance:com.h3xstream.findsecbugs.xss.XssPortletDetectorTest@71248c21]" name="after" is-config="true" duration-ms="27" started-at="2017-09-14T17:15:25Z" finished-at="2017-09-14T17:15:25Z">
          <reporter-output>
          </reporter-output>
        </test-method> <!-- after -->
        <test-method status="PASS" signature="before()[pri:0, instance:com.h3xstream.findsecbugs.xss.XssPortletDetectorTest@71248c21]" name="before" is-config="true" duration-ms="0" started-at="2017-09-14T17:15:25Z" finished-at="2017-09-14T17:15:25Z">
          <reporter-output>
          </reporter-output>
        </test-method> <!-- before -->
        <test-method status="PASS" signature="detectIbmPortlet()[pri:0, instance:com.h3xstream.findsecbugs.xss.XssPortletDetectorTest@71248c21]" name="detectIbmPortlet" duration-ms="0" started-at="2017-09-14T17:15:25Z" finished-at="2017-09-14T17:15:25Z">
          <reporter-output>
          </reporter-output>
        </test-method> <!-- detectIbmPortlet -->
        <test-method status="PASS" signature="detectPortlet()[pri:0, instance:com.h3xstream.findsecbugs.xss.XssPortletDetectorTest@71248c21]" name="detectPortlet" duration-ms="0" started-at="2017-09-14T17:15:25Z" finished-at="2017-09-14T17:15:25Z">
          <reporter-output>
          </reporter-output>
        </test-method> <!-- detectPortlet -->
      </class> <!-- com.h3xstream.findsecbugs.xss.XssPortletDetectorTest -->
      <class name="com.h3xstream.findsecbugs.injection.sql.HibernateInjectionSourceTest">
        <test-method status="PASS" signature="detectHibernateInjection()[pri:0, instance:com.h3xstream.findsecbugs.injection.sql.HibernateInjectionSourceTest@6cc7b4de]" name="detectHibernateInjection" duration-ms="0" started-at="2017-09-14T17:15:26Z" finished-at="2017-09-14T17:15:26Z">
          <reporter-output>
          </reporter-output>
        </test-method> <!-- detectHibernateInjection -->
        <test-method status="PASS" signature="after()[pri:0, instance:com.h3xstream.findsecbugs.injection.sql.HibernateInjectionSourceTest@6cc7b4de]" name="after" is-config="true" duration-ms="11" started-at="2017-09-14T17:15:26Z" finished-at="2017-09-14T17:15:26Z">
          <reporter-output>
          </reporter-output>
        </test-method> <!-- after -->
        <test-method status="PASS" signature="before()[pri:0, instance:com.h3xstream.findsecbugs.injection.sql.HibernateInjectionSourceTest@6cc7b4de]" name="before" is-config="true" duration-ms="0" started-at="2017-09-14T17:15:26Z" finished-at="2017-09-14T17:15:26Z">
          <reporter-output>
          </reporter-output>
        </test-method> <!-- before -->
      </class> <!-- com.h3xstream.findsecbugs.injection.sql.HibernateInjectionSourceTest -->
      <class name="com.h3xstream.findsecbugs.injection.ldap.UnboundIdLdapInjectionSourceTest">
        <test-method status="PASS" signature="before()[pri:0, instance:com.h3xstream.findsecbugs.injection.ldap.UnboundIdLdapInjectionSourceTest@6e2c9341]" name="before" is-config="true" duration-ms="0" started-at="2017-09-14T17:15:26Z" finished-at="2017-09-14T17:15:26Z">
          <reporter-output>
          </reporter-output>
        </test-method> <!-- before -->
        <test-method status="PASS" signature="after()[pri:0, instance:com.h3xstream.findsecbugs.injection.ldap.UnboundIdLdapInjectionSourceTest@6e2c9341]" name="after" is-config="true" duration-ms="10" started-at="2017-09-14T17:15:26Z" finished-at="2017-09-14T17:15:26Z">
          <reporter-output>
          </reporter-output>
        </test-method> <!-- after -->
        <test-method status="PASS" signature="detectLdapInjection()[pri:0, instance:com.h3xstream.findsecbugs.injection.ldap.UnboundIdLdapInjectionSourceTest@6e2c9341]" name="detectLdapInjection" duration-ms="0" started-at="2017-09-14T17:15:26Z" finished-at="2017-09-14T17:15:26Z">
          <reporter-output>
          </reporter-output>
        </test-method> <!-- detectLdapInjection -->
      </class> <!-- com.h3xstream.findsecbugs.injection.ldap.UnboundIdLdapInjectionSourceTest -->
      <class name="com.h3xstream.findsecbugs.injection.aws.AwsQueryInjectionDetectorTest">
        <test-method status="PASS" signature="before()[pri:0, instance:com.h3xstream.findsecbugs.injection.aws.AwsQueryInjectionDetectorTest@2f490758]" name="before" is-config="true" duration-ms="2" started-at="2017-09-14T17:15:25Z" finished-at="2017-09-14T17:15:25Z">
          <reporter-output>
          </reporter-output>
        </test-method> <!-- before -->
        <test-method status="PASS" signature="after()[pri:0, instance:com.h3xstream.findsecbugs.injection.aws.AwsQueryInjectionDetectorTest@2f490758]" name="after" is-config="true" duration-ms="38" started-at="2017-09-14T17:15:25Z" finished-at="2017-09-14T17:15:25Z">
          <reporter-output>
          </reporter-output>
        </test-method> <!-- after -->
        <test-method status="PASS" signature="detectAwsQueryInjection()[pri:0, instance:com.h3xstream.findsecbugs.injection.aws.AwsQueryInjectionDetectorTest@2f490758]" name="detectAwsQueryInjection" duration-ms="0" started-at="2017-09-14T17:15:25Z" finished-at="2017-09-14T17:15:25Z">
          <reporter-output>
          </reporter-output>
        </test-method> <!-- detectAwsQueryInjection -->
      </class> <!-- com.h3xstream.findsecbugs.injection.aws.AwsQueryInjectionDetectorTest -->
      <class name="com.h3xstream.findsecbugs.password.HardcodePasswordInMapDetectorTest">
        <test-method status="PASS" signature="before()[pri:0, instance:com.h3xstream.findsecbugs.password.HardcodePasswordInMapDetectorTest@4148db48]" name="before" is-config="true" duration-ms="1" started-at="2017-09-14T17:15:25Z" finished-at="2017-09-14T17:15:25Z">
          <reporter-output>
          </reporter-output>
        </test-method> <!-- before -->
        <test-method status="PASS" signature="after()[pri:0, instance:com.h3xstream.findsecbugs.password.HardcodePasswordInMapDetectorTest@4148db48]" name="after" is-config="true" duration-ms="7" started-at="2017-09-14T17:15:25Z" finished-at="2017-09-14T17:15:25Z">
          <reporter-output>
          </reporter-output>
        </test-method> <!-- after -->
        <test-method status="PASS" signature="detectHardCodeCredentialsVariousMap()[pri:0, instance:com.h3xstream.findsecbugs.password.HardcodePasswordInMapDetectorTest@4148db48]" name="detectHardCodeCredentialsVariousMap" duration-ms="0" started-at="2017-09-14T17:15:25Z" finished-at="2017-09-14T17:15:25Z">
          <reporter-output>
          </reporter-output>
        </test-method> <!-- detectHardCodeCredentialsVariousMap -->
        <test-method status="PASS" signature="detectHardCodeCredentials()[pri:0, instance:com.h3xstream.findsecbugs.password.HardcodePasswordInMapDetectorTest@4148db48]" name="detectHardCodeCredentials" duration-ms="0" started-at="2017-09-14T17:15:25Z" finished-at="2017-09-14T17:15:25Z">
          <reporter-output>
          </reporter-output>
        </test-method> <!-- detectHardCodeCredentials -->
      </class> <!-- com.h3xstream.findsecbugs.password.HardcodePasswordInMapDetectorTest -->
      <class name="com.h3xstream.findsecbugs.serial.UnsafeJacksonDeserializationDetectorTest">
        <test-method status="PASS" signature="before()[pri:0, instance:com.h3xstream.findsecbugs.serial.UnsafeJacksonDeserializationDetectorTest@4ba2ca36]" name="before" is-config="true" duration-ms="1" started-at="2017-09-14T17:15:26Z" finished-at="2017-09-14T17:15:26Z">
          <reporter-output>
          </reporter-output>
        </test-method> <!-- before -->
        <test-method status="PASS" signature="avoidJacksonFalsePositive()[pri:0, instance:com.h3xstream.findsecbugs.serial.UnsafeJacksonDeserializationDetectorTest@4ba2ca36]" name="avoidJacksonFalsePositive" duration-ms="0" started-at="2017-09-14T17:15:26Z" finished-at="2017-09-14T17:15:26Z">
          <reporter-output>
          </reporter-output>
        </test-method> <!-- avoidJacksonFalsePositive -->
        <test-method status="PASS" signature="after()[pri:0, instance:com.h3xstream.findsecbugs.serial.UnsafeJacksonDeserializationDetectorTest@4ba2ca36]" name="after" is-config="true" duration-ms="12" started-at="2017-09-14T17:15:26Z" finished-at="2017-09-14T17:15:26Z">
          <reporter-output>
          </reporter-output>
        </test-method> <!-- after -->
        <test-method status="PASS" signature="testJacksonDeserialization()[pri:0, instance:com.h3xstream.findsecbugs.serial.UnsafeJacksonDeserializationDetectorTest@4ba2ca36]" name="testJacksonDeserialization" duration-ms="0" started-at="2017-09-14T17:15:26Z" finished-at="2017-09-14T17:15:26Z">
          <reporter-output>
          </reporter-output>
        </test-method> <!-- testJacksonDeserialization -->
      </class> <!-- com.h3xstream.findsecbugs.serial.UnsafeJacksonDeserializationDetectorTest -->
      <class name="com.h3xstream.findsecbugs.xpath.XPathInjectionApacheXPathApiDetectorTest">
        <test-method status="PASS" signature="before()[pri:0, instance:com.h3xstream.findsecbugs.xpath.XPathInjectionApacheXPathApiDetectorTest@16267862]" name="before" is-config="true" duration-ms="0" started-at="2017-09-14T17:15:25Z" finished-at="2017-09-14T17:15:25Z">
          <reporter-output>
          </reporter-output>
        </test-method> <!-- before -->
        <test-method status="PASS" signature="after()[pri:0, instance:com.h3xstream.findsecbugs.xpath.XPathInjectionApacheXPathApiDetectorTest@16267862]" name="after" is-config="true" duration-ms="8" started-at="2017-09-14T17:15:25Z" finished-at="2017-09-14T17:15:25Z">
          <reporter-output>
          </reporter-output>
        </test-method> <!-- after -->
        <test-method status="PASS" signature="detectXPathInjectionApache()[pri:0, instance:com.h3xstream.findsecbugs.xpath.XPathInjectionApacheXPathApiDetectorTest@16267862]" name="detectXPathInjectionApache" duration-ms="0" started-at="2017-09-14T17:15:25Z" finished-at="2017-09-14T17:15:25Z">
          <reporter-output>
          </reporter-output>
        </test-method> <!-- detectXPathInjectionApache -->
      </class> <!-- com.h3xstream.findsecbugs.xpath.XPathInjectionApacheXPathApiDetectorTest -->
      <class name="com.h3xstream.findsecbugs.injection.beans.BeanInjectionDetectorTest">
        <test-method status="PASS" signature="after()[pri:0, instance:com.h3xstream.findsecbugs.injection.beans.BeanInjectionDetectorTest@101df177]" name="after" is-config="true" duration-ms="20" started-at="2017-09-14T17:15:25Z" finished-at="2017-09-14T17:15:25Z">
          <reporter-output>
          </reporter-output>
        </test-method> <!-- after -->
        <test-method status="PASS" signature="detectBeanInjection()[pri:0, instance:com.h3xstream.findsecbugs.injection.beans.BeanInjectionDetectorTest@101df177]" name="detectBeanInjection" duration-ms="0" started-at="2017-09-14T17:15:25Z" finished-at="2017-09-14T17:15:25Z">
          <reporter-output>
          </reporter-output>
        </test-method> <!-- detectBeanInjection -->
        <test-method status="PASS" signature="before()[pri:0, instance:com.h3xstream.findsecbugs.injection.beans.BeanInjectionDetectorTest@101df177]" name="before" is-config="true" duration-ms="0" started-at="2017-09-14T17:15:25Z" finished-at="2017-09-14T17:15:25Z">
          <reporter-output>
          </reporter-output>
        </test-method> <!-- before -->
      </class> <!-- com.h3xstream.findsecbugs.injection.beans.BeanInjectionDetectorTest -->
      <class name="com.h3xstream.findsecbugs.xss.XssResourceBundleTest">
        <test-method status="PASS" signature="before()[pri:0, instance:com.h3xstream.findsecbugs.xss.XssResourceBundleTest@442675e1]" name="before" is-config="true" duration-ms="1" started-at="2017-09-14T17:15:25Z" finished-at="2017-09-14T17:15:25Z">
          <reporter-output>
          </reporter-output>
        </test-method> <!-- before -->
        <test-method status="PASS" signature="after()[pri:0, instance:com.h3xstream.findsecbugs.xss.XssResourceBundleTest@442675e1]" name="after" is-config="true" duration-ms="9" started-at="2017-09-14T17:15:25Z" finished-at="2017-09-14T17:15:25Z">
          <reporter-output>
          </reporter-output>
        </test-method> <!-- after -->
        <test-method status="PASS" signature="avoidResourceBundle()[pri:0, instance:com.h3xstream.findsecbugs.xss.XssResourceBundleTest@442675e1]" name="avoidResourceBundle" duration-ms="0" started-at="2017-09-14T17:15:25Z" finished-at="2017-09-14T17:15:25Z">
          <reporter-output>
          </reporter-output>
        </test-method> <!-- avoidResourceBundle -->
      </class> <!-- com.h3xstream.findsecbugs.xss.XssResourceBundleTest -->
      <class name="com.h3xstream.findsecbugs.injection.formatter.FormatStringManipulationDetectorTest">
        <test-method status="PASS" signature="detectFormatStringManipulation()[pri:0, instance:com.h3xstream.findsecbugs.injection.formatter.FormatStringManipulationDetectorTest@33b37288]" name="detectFormatStringManipulation" duration-ms="0" started-at="2017-09-14T17:15:25Z" finished-at="2017-09-14T17:15:25Z">
          <reporter-output>
          </reporter-output>
        </test-method> <!-- detectFormatStringManipulation -->
        <test-method status="PASS" signature="before()[pri:0, instance:com.h3xstream.findsecbugs.injection.formatter.FormatStringManipulationDetectorTest@33b37288]" name="before" is-config="true" duration-ms="0" started-at="2017-09-14T17:15:25Z" finished-at="2017-09-14T17:15:25Z">
          <reporter-output>
          </reporter-output>
        </test-method> <!-- before -->
        <test-method status="PASS" signature="after()[pri:0, instance:com.h3xstream.findsecbugs.injection.formatter.FormatStringManipulationDetectorTest@33b37288]" name="after" is-config="true" duration-ms="6" started-at="2017-09-14T17:15:25Z" finished-at="2017-09-14T17:15:25Z">
          <reporter-output>
          </reporter-output>
        </test-method> <!-- after -->
      </class> <!-- com.h3xstream.findsecbugs.injection.formatter.FormatStringManipulationDetectorTest -->
      <class name="com.h3xstream.findsecbugs.injection.sql.TurbineSqlDetectorTest">
        <test-method status="PASS" signature="detectInjection()[pri:0, instance:com.h3xstream.findsecbugs.injection.sql.TurbineSqlDetectorTest@12028586]" name="detectInjection" duration-ms="0" started-at="2017-09-14T17:15:26Z" finished-at="2017-09-14T17:15:26Z">
          <reporter-output>
          </reporter-output>
        </test-method> <!-- detectInjection -->
        <test-method status="PASS" signature="before()[pri:0, instance:com.h3xstream.findsecbugs.injection.sql.TurbineSqlDetectorTest@12028586]" name="before" is-config="true" duration-ms="0" started-at="2017-09-14T17:15:26Z" finished-at="2017-09-14T17:15:26Z">
          <reporter-output>
          </reporter-output>
        </test-method> <!-- before -->
        <test-method status="PASS" signature="after()[pri:0, instance:com.h3xstream.findsecbugs.injection.sql.TurbineSqlDetectorTest@12028586]" name="after" is-config="true" duration-ms="7" started-at="2017-09-14T17:15:26Z" finished-at="2017-09-14T17:15:26Z">
          <reporter-output>
          </reporter-output>
        </test-method> <!-- after -->
      </class> <!-- com.h3xstream.findsecbugs.injection.sql.TurbineSqlDetectorTest -->
      <class name="com.h3xstream.findsecbugs.crypto.StaticIvDetectorTest">
        <test-method status="PASS" signature="avoidFalsePositiveDecrypt()[pri:0, instance:com.h3xstream.findsecbugs.crypto.StaticIvDetectorTest@140e5a13]" name="avoidFalsePositiveDecrypt" duration-ms="0" started-at="2017-09-14T17:15:26Z" finished-at="2017-09-14T17:15:26Z">
          <reporter-output>
          </reporter-output>
        </test-method> <!-- avoidFalsePositiveDecrypt -->
        <test-method status="PASS" signature="after()[pri:0, instance:com.h3xstream.findsecbugs.crypto.StaticIvDetectorTest@140e5a13]" name="after" is-config="true" duration-ms="11" started-at="2017-09-14T17:15:26Z" finished-at="2017-09-14T17:15:26Z">
          <reporter-output>
          </reporter-output>
        </test-method> <!-- after -->
        <test-method status="PASS" signature="avoidFalsePositiveGenerateWithKeyGenerator()[pri:0, instance:com.h3xstream.findsecbugs.crypto.StaticIvDetectorTest@140e5a13]" name="avoidFalsePositiveGenerateWithKeyGenerator" duration-ms="0" started-at="2017-09-14T17:15:26Z" finished-at="2017-09-14T17:15:26Z">
          <reporter-output>
          </reporter-output>
        </test-method> <!-- avoidFalsePositiveGenerateWithKeyGenerator -->
        <test-method status="PASS" signature="detectConstantIv()[pri:0, instance:com.h3xstream.findsecbugs.crypto.StaticIvDetectorTest@140e5a13]" name="detectConstantIv" duration-ms="0" started-at="2017-09-14T17:15:26Z" finished-at="2017-09-14T17:15:26Z">
          <reporter-output>
          </reporter-output>
        </test-method> <!-- detectConstantIv -->
        <test-method status="PASS" signature="detectStaticIv()[pri:0, instance:com.h3xstream.findsecbugs.crypto.StaticIvDetectorTest@140e5a13]" name="detectStaticIv" duration-ms="0" started-at="2017-09-14T17:15:26Z" finished-at="2017-09-14T17:15:26Z">
          <reporter-output>
          </reporter-output>
        </test-method> <!-- detectStaticIv -->
        <test-method status="PASS" signature="avoidFalsePositiveSecRandom()[pri:0, instance:com.h3xstream.findsecbugs.crypto.StaticIvDetectorTest@140e5a13]" name="avoidFalsePositiveSecRandom" duration-ms="0" started-at="2017-09-14T17:15:26Z" finished-at="2017-09-14T17:15:26Z">
          <reporter-output>
          </reporter-output>
        </test-method> <!-- avoidFalsePositiveSecRandom -->
        <test-method status="PASS" signature="before()[pri:0, instance:com.h3xstream.findsecbugs.crypto.StaticIvDetectorTest@140e5a13]" name="before" is-config="true" duration-ms="0" started-at="2017-09-14T17:15:26Z" finished-at="2017-09-14T17:15:26Z">
          <reporter-output>
          </reporter-output>
        </test-method> <!-- before -->
      </class> <!-- com.h3xstream.findsecbugs.crypto.StaticIvDetectorTest -->
      <class name="com.h3xstream.findsecbugs.injection.script.SeamLoggingDetectionTest">
        <test-method status="PASS" signature="after()[pri:0, instance:com.h3xstream.findsecbugs.injection.script.SeamLoggingDetectionTest@1efee8e7]" name="after" is-config="true" duration-ms="13" started-at="2017-09-14T17:15:26Z" finished-at="2017-09-14T17:15:26Z">
          <reporter-output>
          </reporter-output>
        </test-method> <!-- after -->
        <test-method status="PASS" signature="detectInjection()[pri:0, instance:com.h3xstream.findsecbugs.injection.script.SeamLoggingDetectionTest@1efee8e7]" name="detectInjection" duration-ms="0" started-at="2017-09-14T17:15:26Z" finished-at="2017-09-14T17:15:26Z">
          <reporter-output>
          </reporter-output>
        </test-method> <!-- detectInjection -->
        <test-method status="PASS" signature="before()[pri:0, instance:com.h3xstream.findsecbugs.injection.script.SeamLoggingDetectionTest@1efee8e7]" name="before" is-config="true" duration-ms="0" started-at="2017-09-14T17:15:26Z" finished-at="2017-09-14T17:15:26Z">
          <reporter-output>
          </reporter-output>
        </test-method> <!-- before -->
      </class> <!-- com.h3xstream.findsecbugs.injection.script.SeamLoggingDetectionTest -->
      <class name="com.h3xstream.findsecbugs.injection.ldap.JndiLdapInjectionSourceTest">
        <test-method status="PASS" signature="detectLdapInjectionInQuery()[pri:0, instance:com.h3xstream.findsecbugs.injection.ldap.JndiLdapInjectionSourceTest@46238e3f]" name="detectLdapInjectionInQuery" duration-ms="1" started-at="2017-09-14T17:15:26Z" finished-at="2017-09-14T17:15:26Z">
          <reporter-output>
          </reporter-output>
        </test-method> <!-- detectLdapInjectionInQuery -->
        <test-method status="PASS" signature="before()[pri:0, instance:com.h3xstream.findsecbugs.injection.ldap.JndiLdapInjectionSourceTest@46238e3f]" name="before" is-config="true" duration-ms="0" started-at="2017-09-14T17:15:26Z" finished-at="2017-09-14T17:15:26Z">
          <reporter-output>
          </reporter-output>
        </test-method> <!-- before -->
        <test-method status="PASS" signature="after()[pri:0, instance:com.h3xstream.findsecbugs.injection.ldap.JndiLdapInjectionSourceTest@46238e3f]" name="after" is-config="true" duration-ms="20" started-at="2017-09-14T17:15:26Z" finished-at="2017-09-14T17:15:26Z">
          <reporter-output>
          </reporter-output>
        </test-method> <!-- after -->
      </class> <!-- com.h3xstream.findsecbugs.injection.ldap.JndiLdapInjectionSourceTest -->
      <class name="com.h3xstream.findsecbugs.xml.XmlReaderDetectorTest">
        <test-method status="PASS" signature="before()[pri:0, instance:com.h3xstream.findsecbugs.xml.XmlReaderDetectorTest@6c3f5566]" name="before" is-config="true" duration-ms="0" started-at="2017-09-14T17:15:25Z" finished-at="2017-09-14T17:15:25Z">
          <reporter-output>
          </reporter-output>
        </test-method> <!-- before -->
        <test-method status="PASS" signature="detectXxe()[pri:0, instance:com.h3xstream.findsecbugs.xml.XmlReaderDetectorTest@6c3f5566]" name="detectXxe" duration-ms="0" started-at="2017-09-14T17:15:25Z" finished-at="2017-09-14T17:15:25Z">
          <reporter-output>
          </reporter-output>
        </test-method> <!-- detectXxe -->
        <test-method status="PASS" signature="after()[pri:0, instance:com.h3xstream.findsecbugs.xml.XmlReaderDetectorTest@6c3f5566]" name="after" is-config="true" duration-ms="10" started-at="2017-09-14T17:15:25Z" finished-at="2017-09-14T17:15:25Z">
          <reporter-output>
          </reporter-output>
        </test-method> <!-- after -->
        <test-method status="PASS" signature="avoidFalsePositive()[pri:0, instance:com.h3xstream.findsecbugs.xml.XmlReaderDetectorTest@6c3f5566]" name="avoidFalsePositive" duration-ms="0" started-at="2017-09-14T17:15:25Z" finished-at="2017-09-14T17:15:25Z">
          <reporter-output>
          </reporter-output>
        </test-method> <!-- avoidFalsePositive -->
      </class> <!-- com.h3xstream.findsecbugs.xml.XmlReaderDetectorTest -->
      <class name="com.h3xstream.findsecbugs.StrutsValidatorFormDetectorTest">
        <test-method status="PASS" signature="strutsFormWithoutValidation2()[pri:0, instance:com.h3xstream.findsecbugs.StrutsValidatorFormDetectorTest@1372ed45]" name="strutsFormWithoutValidation2" duration-ms="0" started-at="2017-09-14T17:15:26Z" finished-at="2017-09-14T17:15:26Z">
          <reporter-output>
          </reporter-output>
        </test-method> <!-- strutsFormWithoutValidation2 -->
        <test-method status="PASS" signature="after()[pri:0, instance:com.h3xstream.findsecbugs.StrutsValidatorFormDetectorTest@1372ed45]" name="after" is-config="true" duration-ms="11" started-at="2017-09-14T17:15:26Z" finished-at="2017-09-14T17:15:26Z">
          <reporter-output>
          </reporter-output>
        </test-method> <!-- after -->
        <test-method status="PASS" signature="strutsFormWithValidation()[pri:0, instance:com.h3xstream.findsecbugs.StrutsValidatorFormDetectorTest@1372ed45]" name="strutsFormWithValidation" duration-ms="0" started-at="2017-09-14T17:15:26Z" finished-at="2017-09-14T17:15:26Z">
          <reporter-output>
          </reporter-output>
        </test-method> <!-- strutsFormWithValidation -->
        <test-method status="PASS" signature="strutsFormWithoutValidation1()[pri:0, instance:com.h3xstream.findsecbugs.StrutsValidatorFormDetectorTest@1372ed45]" name="strutsFormWithoutValidation1" duration-ms="0" started-at="2017-09-14T17:15:26Z" finished-at="2017-09-14T17:15:26Z">
          <reporter-output>
          </reporter-output>
        </test-method> <!-- strutsFormWithoutValidation1 -->
        <test-method status="PASS" signature="before()[pri:0, instance:com.h3xstream.findsecbugs.StrutsValidatorFormDetectorTest@1372ed45]" name="before" is-config="true" duration-ms="0" started-at="2017-09-14T17:15:26Z" finished-at="2017-09-14T17:15:26Z">
          <reporter-output>
          </reporter-output>
        </test-method> <!-- before -->
      </class> <!-- com.h3xstream.findsecbugs.StrutsValidatorFormDetectorTest -->
      <class name="com.h3xstream.findsecbugs.scala.ScalaSensitiveDataExposureDetectorTest">
        <test-method status="PASS" signature="before()[pri:0, instance:com.h3xstream.findsecbugs.scala.ScalaSensitiveDataExposureDetectorTest@11e21d0e]" name="before" is-config="true" duration-ms="0" started-at="2017-09-14T17:15:26Z" finished-at="2017-09-14T17:15:26Z">
          <reporter-output>
          </reporter-output>
        </test-method> <!-- before -->
        <test-method status="PASS" signature="after()[pri:0, instance:com.h3xstream.findsecbugs.scala.ScalaSensitiveDataExposureDetectorTest@11e21d0e]" name="after" is-config="true" duration-ms="11" started-at="2017-09-14T17:15:26Z" finished-at="2017-09-14T17:15:26Z">
          <reporter-output>
          </reporter-output>
        </test-method> <!-- after -->
        <test-method status="PASS" signature="detectSensitiveDataExposure()[pri:0, instance:com.h3xstream.findsecbugs.scala.ScalaSensitiveDataExposureDetectorTest@11e21d0e]" name="detectSensitiveDataExposure" duration-ms="0" started-at="2017-09-14T17:15:26Z" finished-at="2017-09-14T17:15:26Z">
          <reporter-output>
          </reporter-output>
        </test-method> <!-- detectSensitiveDataExposure -->
      </class> <!-- com.h3xstream.findsecbugs.scala.ScalaSensitiveDataExposureDetectorTest -->
      <class name="com.h3xstream.findsecbugs.crypto.CipherWithNoIntegrityDetectorTest">
[...]
          <reporter-output>
          </reporter-output>
        </test-method> <!-- before -->
        <test-method status="PASS" signature="after()[pri:0, instance:com.h3xstream.findsecbugs.crypto.HazelcastSymmetricEncryptionDetectorTest@7f416310]" name="after" is-config="true" duration-ms="10" started-at="2017-09-14T17:15:26Z" finished-at="2017-09-14T17:15:26Z">
          <reporter-output>
          </reporter-output>
        </test-method> <!-- after -->
        <test-method status="PASS" signature="detectHazelcastSymmetric()[pri:0, instance:com.h3xstream.findsecbugs.crypto.HazelcastSymmetricEncryptionDetectorTest@7f416310]" name="detectHazelcastSymmetric" duration-ms="0" started-at="2017-09-14T17:15:26Z" finished-at="2017-09-14T17:15:26Z">
          <reporter-output>
          </reporter-output>
        </test-method> <!-- detectHazelcastSymmetric -->
      </class> <!-- com.h3xstream.findsecbugs.crypto.HazelcastSymmetricEncryptionDetectorTest -->
      <class name="com.h3xstream.findsecbugs.password.GoogleApiKeyDetectorTest">
        <test-method status="PASS" signature="before()[pri:0, instance:com.h3xstream.findsecbugs.password.GoogleApiKeyDetectorTest@701fc37a]" name="before" is-config="true" duration-ms="1" started-at="2017-09-14T17:15:25Z" finished-at="2017-09-14T17:15:25Z">
          <reporter-output>
          </reporter-output>
        </test-method> <!-- before -->
        <test-method status="PASS" signature="detectHardCodeApiKeyWithClassRename()[pri:0, instance:com.h3xstream.findsecbugs.password.GoogleApiKeyDetectorTest@701fc37a]" name="detectHardCodeApiKeyWithClassRename" duration-ms="0" started-at="2017-09-14T17:15:25Z" finished-at="2017-09-14T17:15:25Z">
          <reporter-output>
          </reporter-output>
        </test-method> <!-- detectHardCodeApiKeyWithClassRename -->
        <test-method status="PASS" signature="detectHardCodeApiKey()[pri:0, instance:com.h3xstream.findsecbugs.password.GoogleApiKeyDetectorTest@701fc37a]" name="detectHardCodeApiKey" duration-ms="0" started-at="2017-09-14T17:15:25Z" finished-at="2017-09-14T17:15:25Z">
          <reporter-output>
          </reporter-output>
        </test-method> <!-- detectHardCodeApiKey -->
        <test-method status="PASS" signature="after()[pri:0, instance:com.h3xstream.findsecbugs.password.GoogleApiKeyDetectorTest@701fc37a]" name="after" is-config="true" duration-ms="9" started-at="2017-09-14T17:15:25Z" finished-at="2017-09-14T17:15:25Z">
          <reporter-output>
          </reporter-output>
        </test-method> <!-- after -->
      </class> <!-- com.h3xstream.findsecbugs.password.GoogleApiKeyDetectorTest -->
      <class name="com.h3xstream.findsecbugs.scala.ScalaSqlInjectionSlickDetectorTest">
        <test-method status="PASS" signature="before()[pri:0, instance:com.h3xstream.findsecbugs.scala.ScalaSqlInjectionSlickDetectorTest@31206beb]" name="before" is-config="true" duration-ms="0" started-at="2017-09-14T17:15:26Z" finished-at="2017-09-14T17:15:26Z">
          <reporter-output>
          </reporter-output>
        </test-method> <!-- before -->
        <test-method status="PASS" signature="detectSqlInjection()[pri:0, instance:com.h3xstream.findsecbugs.scala.ScalaSqlInjectionSlickDetectorTest@31206beb]" name="detectSqlInjection" duration-ms="1" started-at="2017-09-14T17:15:26Z" finished-at="2017-09-14T17:15:26Z">
          <reporter-output>
          </reporter-output>
        </test-method> <!-- detectSqlInjection -->
        <test-method status="PASS" signature="after()[pri:0, instance:com.h3xstream.findsecbugs.scala.ScalaSqlInjectionSlickDetectorTest@31206beb]" name="after" is-config="true" duration-ms="13" started-at="2017-09-14T17:15:26Z" finished-at="2017-09-14T17:15:26Z">
          <reporter-output>
          </reporter-output>
        </test-method> <!-- after -->
      </class> <!-- com.h3xstream.findsecbugs.scala.ScalaSqlInjectionSlickDetectorTest -->
      <class name="com.h3xstream.findsecbugs.injection.sql.SpringPreparedStatementCreatorFactoryTest">
        <test-method status="PASS" signature="before()[pri:0, instance:com.h3xstream.findsecbugs.injection.sql.SpringPreparedStatementCreatorFactoryTest@799d4f69]" name="before" is-config="true" duration-ms="0" started-at="2017-09-14T17:15:26Z" finished-at="2017-09-14T17:15:26Z">
          <reporter-output>
          </reporter-output>
        </test-method> <!-- before -->
        <test-method status="PASS" signature="after()[pri:0, instance:com.h3xstream.findsecbugs.injection.sql.SpringPreparedStatementCreatorFactoryTest@799d4f69]" name="after" is-config="true" duration-ms="11" started-at="2017-09-14T17:15:26Z" finished-at="2017-09-14T17:15:26Z">
          <reporter-output>
          </reporter-output>
        </test-method> <!-- after -->
        <test-method status="PASS" signature="detectJdbcInjection()[pri:0, instance:com.h3xstream.findsecbugs.injection.sql.SpringPreparedStatementCreatorFactoryTest@799d4f69]" name="detectJdbcInjection" duration-ms="0" started-at="2017-09-14T17:15:26Z" finished-at="2017-09-14T17:15:26Z">
          <reporter-output>
          </reporter-output>
        </test-method> <!-- detectJdbcInjection -->
      </class> <!-- com.h3xstream.findsecbugs.injection.sql.SpringPreparedStatementCreatorFactoryTest -->
      <class name="com.h3xstream.findsecbugs.PermissiveCORSDetectorTest">
        <test-method status="PASS" signature="before()[pri:0, instance:com.h3xstream.findsecbugs.PermissiveCORSDetectorTest@7fad8c79]" name="before" is-config="true" duration-ms="0" started-at="2017-09-14T17:15:25Z" finished-at="2017-09-14T17:15:25Z">
          <reporter-output>
          </reporter-output>
        </test-method> <!-- before -->
        <test-method status="PASS" signature="detectPermissiveCORS()[pri:0, instance:com.h3xstream.findsecbugs.PermissiveCORSDetectorTest@7fad8c79]" name="detectPermissiveCORS" duration-ms="0" started-at="2017-09-14T17:15:25Z" finished-at="2017-09-14T17:15:25Z">
          <reporter-output>
          </reporter-output>
        </test-method> <!-- detectPermissiveCORS -->
        <test-method status="PASS" signature="after()[pri:0, instance:com.h3xstream.findsecbugs.PermissiveCORSDetectorTest@7fad8c79]" name="after" is-config="true" duration-ms="8" started-at="2017-09-14T17:15:25Z" finished-at="2017-09-14T17:15:25Z">
          <reporter-output>
          </reporter-output>
        </test-method> <!-- after -->
      </class> <!-- com.h3xstream.findsecbugs.PermissiveCORSDetectorTest -->
      <class name="com.h3xstream.findsecbugs.serial.ObjectDeserializationDetectorTest">
        <test-method status="PASS" signature="avoidReadObjectFalsePositive()[pri:0, instance:com.h3xstream.findsecbugs.serial.ObjectDeserializationDetectorTest@120d6fe6]" name="avoidReadObjectFalsePositive" duration-ms="0" started-at="2017-09-14T17:15:26Z" finished-at="2017-09-14T17:15:26Z">
          <reporter-output>
          </reporter-output>
        </test-method> <!-- avoidReadObjectFalsePositive -->
        <test-method status="PASS" signature="before()[pri:0, instance:com.h3xstream.findsecbugs.serial.ObjectDeserializationDetectorTest@120d6fe6]" name="before" is-config="true" duration-ms="0" started-at="2017-09-14T17:15:26Z" finished-at="2017-09-14T17:15:26Z">
          <reporter-output>
          </reporter-output>
        </test-method> <!-- before -->
        <test-method status="PASS" signature="detectObjectDeserializationClassLoaderObjectInputStream()[pri:0, instance:com.h3xstream.findsecbugs.serial.ObjectDeserializationDetectorTest@120d6fe6]" name="detectObjectDeserializationClassLoaderObjectInputStream" duration-ms="0" started-at="2017-09-14T17:15:26Z" finished-at="2017-09-14T17:15:26Z">
          <reporter-output>
          </reporter-output>
        </test-method> <!-- detectObjectDeserializationClassLoaderObjectInputStream -->
        <test-method status="PASS" signature="after()[pri:0, instance:com.h3xstream.findsecbugs.serial.ObjectDeserializationDetectorTest@120d6fe6]" name="after" is-config="true" duration-ms="10" started-at="2017-09-14T17:15:26Z" finished-at="2017-09-14T17:15:26Z">
          <reporter-output>
          </reporter-output>
        </test-method> <!-- after -->
        <test-method status="PASS" signature="detectObjectDeserialization()[pri:0, instance:com.h3xstream.findsecbugs.serial.ObjectDeserializationDetectorTest@120d6fe6]" name="detectObjectDeserialization" duration-ms="0" started-at="2017-09-14T17:15:26Z" finished-at="2017-09-14T17:15:26Z">
          <reporter-output>
          </reporter-output>
        </test-method> <!-- detectObjectDeserialization -->
      </class> <!-- com.h3xstream.findsecbugs.serial.ObjectDeserializationDetectorTest -->
      <class name="com.h3xstream.findsecbugs.cookie.CookieReadDetectorTest">
        <test-method status="PASS" signature="after()[pri:0, instance:com.h3xstream.findsecbugs.cookie.CookieReadDetectorTest@1d7acb34]" name="after" is-config="true" duration-ms="13" started-at="2017-09-14T17:15:26Z" finished-at="2017-09-14T17:15:26Z">
          <reporter-output>
          </reporter-output>
        </test-method> <!-- after -->
        <test-method status="PASS" signature="detectCookieUsage()[pri:0, instance:com.h3xstream.findsecbugs.cookie.CookieReadDetectorTest@1d7acb34]" name="detectCookieUsage" duration-ms="0" started-at="2017-09-14T17:15:26Z" finished-at="2017-09-14T17:15:26Z">
          <reporter-output>
          </reporter-output>
        </test-method> <!-- detectCookieUsage -->
        <test-method status="PASS" signature="before()[pri:0, instance:com.h3xstream.findsecbugs.cookie.CookieReadDetectorTest@1d7acb34]" name="before" is-config="true" duration-ms="0" started-at="2017-09-14T17:15:26Z" finished-at="2017-09-14T17:15:26Z">
          <reporter-output>
          </reporter-output>
        </test-method> <!-- before -->
      </class> <!-- com.h3xstream.findsecbugs.cookie.CookieReadDetectorTest -->
      <class name="com.h3xstream.findsecbugs.injection.sql.JpaInjectionSourceTest">
        <test-method status="PASS" signature="before()[pri:0, instance:com.h3xstream.findsecbugs.injection.sql.JpaInjectionSourceTest@d6da883]" name="before" is-config="true" duration-ms="0" started-at="2017-09-14T17:15:26Z" finished-at="2017-09-14T17:15:26Z">
          <reporter-output>
          </reporter-output>
        </test-method> <!-- before -->
        <test-method status="PASS" signature="detectJpaInjection()[pri:0, instance:com.h3xstream.findsecbugs.injection.sql.JpaInjectionSourceTest@d6da883]" name="detectJpaInjection" duration-ms="1" started-at="2017-09-14T17:15:26Z" finished-at="2017-09-14T17:15:26Z">
          <reporter-output>
          </reporter-output>
        </test-method> <!-- detectJpaInjection -->
        <test-method status="PASS" signature="detectJpaInjectionInNativeQuery()[pri:0, instance:com.h3xstream.findsecbugs.injection.sql.JpaInjectionSourceTest@d6da883]" name="detectJpaInjectionInNativeQuery" duration-ms="0" started-at="2017-09-14T17:15:26Z" finished-at="2017-09-14T17:15:26Z">
          <reporter-output>
          </reporter-output>
        </test-method> <!-- detectJpaInjectionInNativeQuery -->
        <test-method status="PASS" signature="after()[pri:0, instance:com.h3xstream.findsecbugs.injection.sql.JpaInjectionSourceTest@d6da883]" name="after" is-config="true" duration-ms="11" started-at="2017-09-14T17:15:26Z" finished-at="2017-09-14T17:15:26Z">
          <reporter-output>
          </reporter-output>
        </test-method> <!-- after -->
      </class> <!-- com.h3xstream.findsecbugs.injection.sql.JpaInjectionSourceTest -->
      <class name="com.h3xstream.findsecbugs.common.ByteCodeTest">
        <test-method status="PASS" signature="probeByteCodeDebug()[pri:0, instance:com.h3xstream.findsecbugs.common.ByteCodeTest@27fe3806]" name="probeByteCodeDebug" duration-ms="158" started-at="2017-09-14T17:15:25Z" finished-at="2017-09-14T17:15:26Z">
          <reporter-output>
          </reporter-output>
        </test-method> <!-- probeByteCodeDebug -->
      </class> <!-- com.h3xstream.findsecbugs.common.ByteCodeTest -->
      <class name="com.h3xstream.findsecbugs.xml.XxeDetectorTest">
        <test-method status="PASS" signature="detectXxeFromDocumentBuilder()[pri:0, instance:com.h3xstream.findsecbugs.xml.XxeDetectorTest@314c508a]" name="detectXxeFromDocumentBuilder" duration-ms="1" started-at="2017-09-14T17:15:25Z" finished-at="2017-09-14T17:15:25Z">
          <reporter-output>
          </reporter-output>
        </test-method> <!-- detectXxeFromDocumentBuilder -->
        <test-method status="PASS" signature="detectXxe()[pri:0, instance:com.h3xstream.findsecbugs.xml.XxeDetectorTest@314c508a]" name="detectXxe" duration-ms="0" started-at="2017-09-14T17:15:25Z" finished-at="2017-09-14T17:15:25Z">
          <reporter-output>
          </reporter-output>
        </test-method> <!-- detectXxe -->
        <test-method status="PASS" signature="before()[pri:0, instance:com.h3xstream.findsecbugs.xml.XxeDetectorTest@314c508a]" name="before" is-config="true" duration-ms="0" started-at="2017-09-14T17:15:25Z" finished-at="2017-09-14T17:15:25Z">
          <reporter-output>
          </reporter-output>
        </test-method> <!-- before -->
        <test-method status="PASS" signature="safeWithUseOfEntityResolver()[pri:0, instance:com.h3xstream.findsecbugs.xml.XxeDetectorTest@314c508a]" name="safeWithUseOfEntityResolver" duration-ms="0" started-at="2017-09-14T17:15:25Z" finished-at="2017-09-14T17:15:25Z">
          <reporter-output>
          </reporter-output>
        </test-method> <!-- safeWithUseOfEntityResolver -->
        <test-method status="PASS" signature="after()[pri:0, instance:com.h3xstream.findsecbugs.xml.XxeDetectorTest@314c508a]" name="after" is-config="true" duration-ms="25" started-at="2017-09-14T17:15:25Z" finished-at="2017-09-14T17:15:25Z">
          <reporter-output>
          </reporter-output>
        </test-method> <!-- after -->
        <test-method status="PASS" signature="safeWithUseOfPrivilegeExceptionAction()[pri:0, instance:com.h3xstream.findsecbugs.xml.XxeDetectorTest@314c508a]" name="safeWithUseOfPrivilegeExceptionAction" duration-ms="0" started-at="2017-09-14T17:15:25Z" finished-at="2017-09-14T17:15:25Z">
          <reporter-output>
          </reporter-output>
        </test-method> <!-- safeWithUseOfPrivilegeExceptionAction -->
      </class> <!-- com.h3xstream.findsecbugs.xml.XxeDetectorTest -->
      <class name="com.h3xstream.findsecbugs.crypto.CustomMessageDigestDetectorTest">
        <test-method status="PASS" signature="before()[pri:0, instance:com.h3xstream.findsecbugs.crypto.CustomMessageDigestDetectorTest@5e57643e]" name="before" is-config="true" duration-ms="0" started-at="2017-09-14T17:15:26Z" finished-at="2017-09-14T17:15:26Z">
          <reporter-output>
          </reporter-output>
        </test-method> <!-- before -->
        <test-method status="PASS" signature="detectCustomDigest()[pri:0, instance:com.h3xstream.findsecbugs.crypto.CustomMessageDigestDetectorTest@5e57643e]" name="detectCustomDigest" duration-ms="0" started-at="2017-09-14T17:15:26Z" finished-at="2017-09-14T17:15:26Z">
          <reporter-output>
          </reporter-output>
        </test-method> <!-- detectCustomDigest -->
        <test-method status="PASS" signature="after()[pri:0, instance:com.h3xstream.findsecbugs.crypto.CustomMessageDigestDetectorTest@5e57643e]" name="after" is-config="true" duration-ms="11" started-at="2017-09-14T17:15:26Z" finished-at="2017-09-14T17:15:26Z">
          <reporter-output>
          </reporter-output>
        </test-method> <!-- after -->
      </class> <!-- com.h3xstream.findsecbugs.crypto.CustomMessageDigestDetectorTest -->
      <class name="com.h3xstream.findsecbugs.template.FreemarkerDetectorTest">
        <test-method status="PASS" signature="before()[pri:0, instance:com.h3xstream.findsecbugs.template.FreemarkerDetectorTest@25359ed8]" name="before" is-config="true" duration-ms="0" started-at="2017-09-14T17:15:25Z" finished-at="2017-09-14T17:15:25Z">
          <reporter-output>
          </reporter-output>
        </test-method> <!-- before -->
        <test-method status="PASS" signature="after()[pri:0, instance:com.h3xstream.findsecbugs.template.FreemarkerDetectorTest@25359ed8]" name="after" is-config="true" duration-ms="16" started-at="2017-09-14T17:15:25Z" finished-at="2017-09-14T17:15:25Z">
          <reporter-output>
          </reporter-output>
        </test-method> <!-- after -->
        <test-method status="PASS" signature="allSignatures()[pri:0, instance:com.h3xstream.findsecbugs.template.FreemarkerDetectorTest@25359ed8]" name="allSignatures" duration-ms="0" started-at="2017-09-14T17:15:25Z" finished-at="2017-09-14T17:15:25Z">
          <reporter-output>
          </reporter-output>
        </test-method> <!-- allSignatures -->
        <test-method status="PASS" signature="basicUsagesTesting()[pri:0, instance:com.h3xstream.findsecbugs.template.FreemarkerDetectorTest@25359ed8]" name="basicUsagesTesting" duration-ms="0" started-at="2017-09-14T17:15:25Z" finished-at="2017-09-14T17:15:25Z">
          <reporter-output>
          </reporter-output>
        </test-method> <!-- basicUsagesTesting -->
      </class> <!-- com.h3xstream.findsecbugs.template.FreemarkerDetectorTest -->
      <class name="com.h3xstream.findsecbugs.crypto.InsecureSmtpSslDetectorTest">
        <test-method status="PASS" signature="before()[pri:0, instance:com.h3xstream.findsecbugs.crypto.InsecureSmtpSslDetectorTest@1cab0bfb]" name="before" is-config="true" duration-ms="1" started-at="2017-09-14T17:15:26Z" finished-at="2017-09-14T17:15:26Z">
          <reporter-output>
          </reporter-output>
        </test-method> <!-- before -->
        <test-method status="PASS" signature="detectBadKeySize()[pri:0, instance:com.h3xstream.findsecbugs.crypto.InsecureSmtpSslDetectorTest@1cab0bfb]" name="detectBadKeySize" duration-ms="0" started-at="2017-09-14T17:15:26Z" finished-at="2017-09-14T17:15:26Z">
          <reporter-output>
          </reporter-output>
        </test-method> <!-- detectBadKeySize -->
        <test-method status="PASS" signature="after()[pri:0, instance:com.h3xstream.findsecbugs.crypto.InsecureSmtpSslDetectorTest@1cab0bfb]" name="after" is-config="true" duration-ms="10" started-at="2017-09-14T17:15:26Z" finished-at="2017-09-14T17:15:26Z">
          <reporter-output>
          </reporter-output>
        </test-method> <!-- after -->
      </class> <!-- com.h3xstream.findsecbugs.crypto.InsecureSmtpSslDetectorTest -->
      <class name="com.h3xstream.findsecbugs.endpoint.SpringMvcEndpointDetectorTest">
        <test-method status="PASS" signature="before()[pri:0, instance:com.h3xstream.findsecbugs.endpoint.SpringMvcEndpointDetectorTest@530612ba]" name="before" is-config="true" duration-ms="0" started-at="2017-09-14T17:15:26Z" finished-at="2017-09-14T17:15:26Z">
          <reporter-output>
          </reporter-output>
        </test-method> <!-- before -->
        <test-method status="PASS" signature="detectSpringController()[pri:0, instance:com.h3xstream.findsecbugs.endpoint.SpringMvcEndpointDetectorTest@530612ba]" name="detectSpringController" duration-ms="0" started-at="2017-09-14T17:15:26Z" finished-at="2017-09-14T17:15:26Z">
          <reporter-output>
          </reporter-output>
        </test-method> <!-- detectSpringController -->
        <test-method status="PASS" signature="after()[pri:0, instance:com.h3xstream.findsecbugs.endpoint.SpringMvcEndpointDetectorTest@530612ba]" name="after" is-config="true" duration-ms="8" started-at="2017-09-14T17:15:26Z" finished-at="2017-09-14T17:15:26Z">
          <reporter-output>
          </reporter-output>
        </test-method> <!-- after -->
      </class> <!-- com.h3xstream.findsecbugs.endpoint.SpringMvcEndpointDetectorTest -->
    </test> <!-- Surefire test -->
  </suite> <!-- Surefire suite -->
</testng-results>
