<?xml version="1.0" encoding="UTF-8"?>
<!-- Generated by org.testng.reporters.JUnitXMLReporter -->
<testsuite hostname="leedeMacBook-Pro-2.local" name="Surefire test" tests="195" failures="0" timestamp="14 Sep 2017 09:15:27 GMT" time="1.636" errors="0">
  <testcase name="detectAnonymousLdapBind" time="0.002" classname="com.h3xstream.findsecbugs.ldap.AnonymousLdapDetectorTest"/>
  <testcase name="detectSendBroadcast" time="0.0" classname="com.h3xstream.findsecbugs.android.BroadcastDetectorTest"/>
  <testcase name="allSignatures" time="0.0" classname="com.h3xstream.findsecbugs.template.FreemarkerDetectorTest"/>
  <testcase name="basicUsagesTesting" time="0.0" classname="com.h3xstream.findsecbugs.template.FreemarkerDetectorTest"/>
  <testcase name="detectResponseSplitting" time="0.001" classname="com.h3xstream.findsecbugs.HttpResponseSplittingDetectorTest"/>
  <testcase name="avoidFalsePositive" time="0.0" classname="com.h3xstream.findsecbugs.xml.XmlReaderDetectorTest"/>
  <testcase name="detectXxe" time="0.0" classname="com.h3xstream.findsecbugs.xml.XmlReaderDetectorTest"/>
  <testcase name="detectIbmPortlet" time="0.0" classname="com.h3xstream.findsecbugs.xss.XssPortletDetectorTest"/>
  <testcase name="detectPortlet" time="0.0" classname="com.h3xstream.findsecbugs.xss.XssPortletDetectorTest"/>
  <testcase name="avoidResourceBundle" time="0.0" classname="com.h3xstream.findsecbugs.xss.XssResourceBundleTest"/>
  <testcase name="detectAwsQueryInjection" time="0.0" classname="com.h3xstream.findsecbugs.injection.aws.AwsQueryInjectionDetectorTest"/>
  <testcase name="detectExternalFileAccess" time="0.0" classname="com.h3xstream.findsecbugs.android.ExternalFileAccessDetectorTest"/>
  <testcase name="detectAnonymousLdapBind" time="0.0" classname="com.h3xstream.findsecbugs.ldap.LdapEntryPoisoningDetectorTest"/>
  <testcase name="allSignatures" time="0.0" classname="com.h3xstream.findsecbugs.template.VelocityDetectorTest"/>
  <testcase name="avoidBasicFalsePositive" time="0.0" classname="com.h3xstream.findsecbugs.template.VelocityDetectorTest"/>
  <testcase name="basicUsagesTesting" time="0.0" classname="com.h3xstream.findsecbugs.template.VelocityDetectorTest"/>
  <testcase name="avoidFP" time="0.0" classname="com.h3xstream.findsecbugs.xml.XmlStreamReaderDetectorTest"/>
  <testcase name="detectXxe" time="0.0" classname="com.h3xstream.findsecbugs.xml.XmlStreamReaderDetectorTest"/>
  <testcase name="detectBeanInjection" time="0.0" classname="com.h3xstream.findsecbugs.injection.beans.BeanInjectionDetectorTest"/>
  <testcase name="detectGeolocationFromWebView" time="0.0" classname="com.h3xstream.findsecbugs.android.GeolocationDetectorTest"/>
  <testcase name="detectAnonymousLdapBind" time="0.0" classname="com.h3xstream.findsecbugs.ldap.SpringLdapInjectionTest"/>
  <testcase name="detectUnvalidatedRedirect" time="0.0" classname="com.h3xstream.findsecbugs.UnvalidatedRedirectDetectorTest"/>
  <testcase name="detectXxe" time="0.0" classname="com.h3xstream.findsecbugs.xml.XxeDetectorTest"/>
  <testcase name="detectXxeFromDocumentBuilder" time="0.001" classname="com.h3xstream.findsecbugs.xml.XxeDetectorTest"/>
  <testcase name="safeWithUseOfEntityResolver" time="0.0" classname="com.h3xstream.findsecbugs.xml.XxeDetectorTest"/>
  <testcase name="safeWithUseOfPrivilegeExceptionAction" time="0.0" classname="com.h3xstream.findsecbugs.xml.XxeDetectorTest"/>
  <testcase name="avoidFalsePositive" time="0.001" classname="com.h3xstream.findsecbugs.injection.command.CommandInjectionDetectorAdvancedTest"/>
  <testcase name="detectSuspicious" time="0.0" classname="com.h3xstream.findsecbugs.injection.command.CommandInjectionDetectorAdvancedTest"/>
  <testcase name="detectHardCodePasswordsAndKeys" time="0.0" classname="com.h3xstream.findsecbugs.password.ConstantPasswordDetectorTest"/>
  <testcase name="detectDenialOfService" time="0.001" classname="com.h3xstream.findsecbugs.android.LocalDenialOfServiceDetectorTest"/>
  <testcase name="detectWeakFilenameUtils" time="0.001" classname="com.h3xstream.findsecbugs.WeakFilenameUtilsMethodDetectorTest"/>
  <testcase name="detectXmlDecoder" time="0.0" classname="com.h3xstream.findsecbugs.XmlDecoderDetectorTest"/>
  <testcase name="detectCommandInjection" time="0.0" classname="com.h3xstream.findsecbugs.injection.command.CommandInjectionDetectorTest"/>
  <testcase name="avoidFalsePositiveOnSafeConfiguration" time="0.0" classname="com.h3xstream.findsecbugs.xml.DocumentBuilderSafePropertyTest"/>
  <testcase name="detectUnsafeNoSpecialSettings" time="0.0" classname="com.h3xstream.findsecbugs.xml.DocumentBuilderSafePropertyTest"/>
  <testcase name="detectUnsafePartialConfiguration" time="0.0" classname="com.h3xstream.findsecbugs.xml.DocumentBuilderSafePropertyTest"/>
  <testcase name="detectHardCodeApiKey" time="0.0" classname="com.h3xstream.findsecbugs.password.GoogleApiKeyDetectorTest"/>
  <testcase name="detectHardCodeApiKeyWithClassRename" time="0.0" classname="com.h3xstream.findsecbugs.password.GoogleApiKeyDetectorTest"/>
  <testcase name="detectPrintln" time="0.0" classname="com.h3xstream.findsecbugs.android.PrintlnUseDetectorTest"/>
  <testcase name="detectXPathInjectionApache" time="0.0" classname="com.h3xstream.findsecbugs.xpath.XPathApacheXmlSecTest"/>
  <testcase name="detectResponseSplitting" time="0.0" classname="com.h3xstream.findsecbugs.injection.crlf.CrlfLogInjectionDetectorTest"/>
  <testcase name="detectHardCodeCredentials" time="0.0" classname="com.h3xstream.findsecbugs.password.HardcodePasswordInMapDetectorTest"/>
  <testcase name="detectHardCodeCredentialsVariousMap" time="0.0" classname="com.h3xstream.findsecbugs.password.HardcodePasswordInMapDetectorTest"/>
  <testcase name="avoidFalsePositiveOnSafeCases" time="0.0" classname="com.h3xstream.findsecbugs.xml.SaxParserSafePropertyTest"/>
  <testcase name="detectUnsafeNoSpecialSettings" time="0.0" classname="com.h3xstream.findsecbugs.xml.SaxParserSafePropertyTest"/>
  <testcase name="detectWebViewJavascriptEnabled" time="0.0" classname="com.h3xstream.findsecbugs.android.WebViewJavascriptEnabledDetectorTest"/>
  <testcase name="detectXPathInjectionApache" time="0.0" classname="com.h3xstream.findsecbugs.xpath.XPathInjectionApacheXPathApiDetectorTest"/>
  <testcase name="detectInjection" time="0.0" classname="com.h3xstream.findsecbugs.injection.custom.CustomInjectionDetectorTest"/>
  <testcase name="detectHardCodePasswordsAndKeys" time="0.0" classname="com.h3xstream.findsecbugs.password.IntuitiveHardcodePasswordDetectorTest"/>
  <testcase name="detectWebViewJavascriptInterface" time="0.0" classname="com.h3xstream.findsecbugs.android.WebViewJavascriptInterfaceDetectorTest"/>
  <testcase name="detectXPathInjectionJavax" time="0.0" classname="com.h3xstream.findsecbugs.xpath.XPathInjectionJavaxDetectorTest"/>
  <testcase name="detectFileDisclosure" time="0.0" classname="com.h3xstream.findsecbugs.injection.fileDisclosure.FileDisclosureDetectorTest"/>
  <testcase name="detectPermissiveCORS" time="0.0" classname="com.h3xstream.findsecbugs.PermissiveCORSDetectorTest"/>
  <testcase name="detectWorldWritableHandle" time="0.0" classname="com.h3xstream.findsecbugs.android.WorldWritableDetectorTest"/>
  <testcase name="detectFormatStringManipulation" time="0.0" classname="com.h3xstream.findsecbugs.injection.formatter.FormatStringManipulationDetectorTest"/>
  <testcase name="detectSecureFlagCookieBasic" time="0.0" classname="com.h3xstream.findsecbugs.bugs.OutOfBoundMutableTest"/>
  <testcase name="detectUsePredictableRandom" time="0.0" classname="com.h3xstream.findsecbugs.PredictableRandomDetectorScalaTest"/>
  <testcase name="probeByteCodeDebug" time="0.158" classname="com.h3xstream.findsecbugs.common.ByteCodeTest"/>
  <testcase name="detectHttpParameterPollution" time="0.0" classname="com.h3xstream.findsecbugs.injection.http.HttpParameterPollutionDetectorTest"/>
  <testcase name="detectUsePredictableRandom" time="0.0" classname="com.h3xstream.findsecbugs.PredictableRandomDetectorTest"/>
  <testcase name="avoidHttpOnlyBasicFalsePositive" time="0.0" classname="com.h3xstream.findsecbugs.cookie.CookieFlagsDetectorTest"/>
  <testcase name="avoidSecureFlagBasicFalsePositive" time="0.0" classname="com.h3xstream.findsecbugs.cookie.CookieFlagsDetectorTest"/>
  <testcase name="detectHttpOnlyCookieBasic" time="0.0" classname="com.h3xstream.findsecbugs.cookie.CookieFlagsDetectorTest"/>
  <testcase name="detectSecureFlagCookieBasic" time="0.001" classname="com.h3xstream.findsecbugs.cookie.CookieFlagsDetectorTest"/>
  <testcase name="detectLdapInjectionEdgeCase" time="0.0" classname="com.h3xstream.findsecbugs.injection.ldap.JndiLdapInjectionSourceAdditionalSignaturesTest"/>
  <testcase name="detectLdapInjectionInQuery" time="0.0" classname="com.h3xstream.findsecbugs.injection.ldap.JndiLdapInjectionSourceAdditionalSignaturesTest"/>
  <testcase name="detectLdapInjectionInQuerySunApi" time="0.0" classname="com.h3xstream.findsecbugs.injection.ldap.JndiLdapInjectionSourceAdditionalSignaturesTest"/>
  <testcase name="analyseSafePattern" time="0.001" classname="com.h3xstream.findsecbugs.ReDosDetectorTest"/>
  <testcase name="analyseSuspectPattern" time="0.0" classname="com.h3xstream.findsecbugs.ReDosDetectorTest"/>
  <testcase name="detectRedosInCode" time="0.0" classname="com.h3xstream.findsecbugs.ReDosDetectorTest"/>
  <testcase name="detectCookieUsage" time="0.0" classname="com.h3xstream.findsecbugs.cookie.CookieReadDetectorTest"/>
  <testcase name="detectLdapInjectionInQuery" time="0.001" classname="com.h3xstream.findsecbugs.injection.ldap.JndiLdapInjectionSourceTest"/>
  <testcase name="detectUsePredictableRandom" time="0.0" classname="com.h3xstream.findsecbugs.scala.PlayUnvalidatedRedirectDetectorTest"/>
  <testcase name="detectPersistentCookieUsage" time="0.0" classname="com.h3xstream.findsecbugs.cookie.PersistentCookieDetectorTest"/>
  <testcase name="detectCommandInjection" time="0.0" classname="com.h3xstream.findsecbugs.scala.ScalaCommandInjectionDetectorTest"/>
  <testcase name="detectLdapInjection" time="0.0" classname="com.h3xstream.findsecbugs.injection.ldap.UnboundIdLdapInjectionSourceTest"/>
  <testcase name="detectInjection" time="0.0" classname="com.h3xstream.findsecbugs.injection.script.ElInjectionTest"/>
  <testcase name="detectCommandInjection" time="0.0" classname="com.h3xstream.findsecbugs.scala.ScalaPathTraversalDetectorTest"/>
  <testcase name="detectUrlRewriting" time="0.0" classname="com.h3xstream.findsecbugs.cookie.UrlRewritingDetectorTest"/>
  <testcase name="detectBadHexa" time="0.001" classname="com.h3xstream.findsecbugs.crypto.BadHexadecimalConversionDetectorTest"/>
  <testcase name="detectOgnlReflectionProvider" time="0.0" classname="com.h3xstream.findsecbugs.injection.script.OgnlInjectionDetectorTest"/>
  <testcase name="detectOgnlUtil" time="0.0" classname="com.h3xstream.findsecbugs.injection.script.OgnlInjectionDetectorTest"/>
  <testcase name="detectTextParser" time="0.0" classname="com.h3xstream.findsecbugs.injection.script.OgnlInjectionDetectorTest"/>
  <testcase name="detectSensitiveDataExposure" time="0.0" classname="com.h3xstream.findsecbugs.scala.ScalaSensitiveDataExposureDetectorTest"/>
  <testcase name="detectNoIntegrity" time="0.0" classname="com.h3xstream.findsecbugs.crypto.CipherWithNoIntegrityDetectorTest"/>
  <testcase name="detectSqlInjection" time="0.001" classname="com.h3xstream.findsecbugs.scala.ScalaSqlInjectionAnormDetectorTest"/>
  <testcase name="detectInjection" time="0.0" classname="com.h3xstream.findsecbugs.injection.script.ScriptEngineInjectionTest"/>
  <testcase name="detectCustomDigest" time="0.0" classname="com.h3xstream.findsecbugs.crypto.CustomMessageDigestDetectorTest"/>
  <testcase name="detectSqlInjection" time="0.001" classname="com.h3xstream.findsecbugs.scala.ScalaSqlInjectionSlickDetectorTest"/>
  <testcase name="detectInjection" time="0.0" classname="com.h3xstream.findsecbugs.injection.script.SeamLoggingDetectionTest"/>
  <testcase name="detectDesCipher" time="0.0" classname="com.h3xstream.findsecbugs.crypto.DesUsageDetectorTest"/>
  <testcase name="detectDesKeyGeneration" time="0.0" classname="com.h3xstream.findsecbugs.crypto.DesUsageDetectorTest"/>
  <testcase name="detectXssInController" time="0.0" classname="com.h3xstream.findsecbugs.scala.ScalaXssDetectorTest"/>
  <testcase name="detectInjection" time="0.0" classname="com.h3xstream.findsecbugs.injection.script.SpelInjectionTest"/>
  <testcase name="detectEcbMode" time="0.0" classname="com.h3xstream.findsecbugs.crypto.EcbModeDetectorTest"/>
  <testcase name="validateSinks" time="0.0" classname="com.h3xstream.findsecbugs.injection.SinkFilesValidationTest"/>
  <testcase name="detectSslDisabler" time="0.0" classname="com.h3xstream.findsecbugs.scala.SslDisablerDetectorTest"/>
  <testcase name="detectAndroidContentProviderInjection" time="0.0" classname="com.h3xstream.findsecbugs.injection.sql.AndroidInjectionSourceTest"/>
  <testcase name="detectAndroidCustomContentProvider" time="0.0" classname="com.h3xstream.findsecbugs.injection.sql.AndroidInjectionSourceTest"/>
  <testcase name="detectAndroidInjection" time="0.0" classname="com.h3xstream.findsecbugs.injection.sql.AndroidInjectionSourceTest"/>
  <testcase name="detectEcryptor" time="0.0" classname="com.h3xstream.findsecbugs.crypto.EsapiEncryptorDetectorTest"/>
  <testcase name="detectSSRFInController" time="0.0" classname="com.h3xstream.findsecbugs.scala.SSRFDetectorTest"/>
  <testcase name="detectCommonsCollectionGadget" time="0.0" classname="com.h3xstream.findsecbugs.serial.DeserializationGadgetDetectorTest"/>
  <testcase name="detectGroovyGadget" time="0.0" classname="com.h3xstream.findsecbugs.serial.DeserializationGadgetDetectorTest"/>
  <testcase name="detectSpringGadget" time="0.0" classname="com.h3xstream.findsecbugs.serial.DeserializationGadgetDetectorTest"/>
  <testcase name="detectHazelcastSymmetric" time="0.0" classname="com.h3xstream.findsecbugs.crypto.HazelcastSymmetricEncryptionDetectorTest"/>
  <testcase name="detectHibernateInjection" time="0.0" classname="com.h3xstream.findsecbugs.injection.sql.HibernateInjectionSourceTest"/>
  <testcase name="detectBadKeySize" time="0.0" classname="com.h3xstream.findsecbugs.crypto.InsecureSmtpSslDetectorTest"/>
  <testcase name="detectBasicJdbcInjection" time="0.0" classname="com.h3xstream.findsecbugs.injection.sql.JdbcInjectionSourceTest"/>
  <testcase name="detectExecuteExecuteLargeUpdate" time="0.0" classname="com.h3xstream.findsecbugs.injection.sql.JdbcInjectionSourceTest"/>
  <testcase name="detectExecutePrepareCall" time="0.0" classname="com.h3xstream.findsecbugs.injection.sql.JdbcInjectionSourceTest"/>
  <testcase name="detectExecuteQuery" time="0.0" classname="com.h3xstream.findsecbugs.injection.sql.JdbcInjectionSourceTest"/>
  <testcase name="detectExecuteUpdate" time="0.0" classname="com.h3xstream.findsecbugs.injection.sql.JdbcInjectionSourceTest"/>
  <testcase name="detectNativeSqlAndOther" time="0.0" classname="com.h3xstream.findsecbugs.injection.sql.JdbcInjectionSourceTest"/>
  <testcase name="detectPrepareStatement" time="0.0" classname="com.h3xstream.findsecbugs.injection.sql.JdbcInjectionSourceTest"/>
  <testcase name="avoidReadObjectFalsePositive" time="0.0" classname="com.h3xstream.findsecbugs.serial.ObjectDeserializationDetectorTest"/>
  <testcase name="detectObjectDeserialization" time="0.0" classname="com.h3xstream.findsecbugs.serial.ObjectDeserializationDetectorTest"/>
  <testcase name="detectObjectDeserializationClassLoaderObjectInputStream" time="0.0" classname="com.h3xstream.findsecbugs.serial.ObjectDeserializationDetectorTest"/>
  <testcase name="detectBadKeySize" time="0.0" classname="com.h3xstream.findsecbugs.crypto.InsufficientKeySizeBlowfishDetectorTest"/>
  <testcase name="detectJdoInjectionInFilters" time="0.001" classname="com.h3xstream.findsecbugs.injection.sql.JdoInjectionSourceFilterTest"/>
  <testcase name="avoidJacksonFalsePositive" time="0.0" classname="com.h3xstream.findsecbugs.serial.UnsafeJacksonDeserializationDetectorTest"/>
  <testcase name="testJacksonDeserialization" time="0.0" classname="com.h3xstream.findsecbugs.serial.UnsafeJacksonDeserializationDetectorTest"/>
  <testcase name="detectBadKeySize" time="0.0" classname="com.h3xstream.findsecbugs.crypto.InsufficientKeySizeRsaDetectorTest"/>
  <testcase name="detectJdoInjection" time="0.0" classname="com.h3xstream.findsecbugs.injection.sql.JdoInjectionSourceTest"/>
  <testcase name="detectSpringUnvalidatedRedirect" time="0.0" classname="com.h3xstream.findsecbugs.spring.SpringUnvalidatedRedirectDetectorTest"/>
  <testcase name="detectJpaInjection" time="0.001" classname="com.h3xstream.findsecbugs.injection.sql.JpaInjectionSourceTest"/>
  <testcase name="detectJpaInjectionInNativeQuery" time="0.0" classname="com.h3xstream.findsecbugs.injection.sql.JpaInjectionSourceTest"/>
  <testcase name="detectNullCipher" time="0.0" classname="com.h3xstream.findsecbugs.crypto.NullCipherDetectorTest"/>
  <testcase name="strutsFormWithValidation" time="0.0" classname="com.h3xstream.findsecbugs.StrutsValidatorFormDetectorTest"/>
  <testcase name="strutsFormWithoutValidation1" time="0.0" classname="com.h3xstream.findsecbugs.StrutsValidatorFormDetectorTest"/>
  <testcase name="strutsFormWithoutValidation2" time="0.0" classname="com.h3xstream.findsecbugs.StrutsValidatorFormDetectorTest"/>
  <testcase name="testSafeTestCases" time="0.0" classname="com.h3xstream.findsecbugs.taintanalysis.JaxRsAnnotatedControllerTest"/>
  <testcase name="detectRsaNoPadding" time="0.0" classname="com.h3xstream.findsecbugs.crypto.RsaNoPaddingDetectorTest"/>
  <testcase name="detectBasicSpringJdbcInjection" time="0.0" classname="com.h3xstream.findsecbugs.injection.sql.SpringJdbcOperationsAndTemplateTest"/>
  <testcase name="detectBatchUpdate" time="0.0" classname="com.h3xstream.findsecbugs.injection.sql.SpringJdbcOperationsAndTemplateTest"/>
  <testcase name="detectExecute" time="0.0" classname="com.h3xstream.findsecbugs.injection.sql.SpringJdbcOperationsAndTemplateTest"/>
  <testcase name="detectQuery" time="0.0" classname="com.h3xstream.findsecbugs.injection.sql.SpringJdbcOperationsAndTemplateTest"/>
  <testcase name="detectQueryForList" time="0.0" classname="com.h3xstream.findsecbugs.injection.sql.SpringJdbcOperationsAndTemplateTest"/>
  <testcase name="detectQueryForMap" time="0.0" classname="com.h3xstream.findsecbugs.injection.sql.SpringJdbcOperationsAndTemplateTest"/>
  <testcase name="detectQueryForObject" time="0.0" classname="com.h3xstream.findsecbugs.injection.sql.SpringJdbcOperationsAndTemplateTest"/>
  <testcase name="detectQueryForRowSet" time="0.0" classname="com.h3xstream.findsecbugs.injection.sql.SpringJdbcOperationsAndTemplateTest"/>
  <testcase name="detectQueryInt" time="0.0" classname="com.h3xstream.findsecbugs.injection.sql.SpringJdbcOperationsAndTemplateTest"/>
  <testcase name="detectQueryLong" time="0.0" classname="com.h3xstream.findsecbugs.injection.sql.SpringJdbcOperationsAndTemplateTest"/>
  <testcase name="detectJdbcInjection" time="0.0" classname="com.h3xstream.findsecbugs.injection.sql.SpringPreparedStatementCreatorFactoryTest"/>
  <testcase name="avoidFalsePositiveDecrypt" time="0.0" classname="com.h3xstream.findsecbugs.crypto.StaticIvDetectorTest"/>
  <testcase name="avoidFalsePositiveGenerateWithKeyGenerator" time="0.0" classname="com.h3xstream.findsecbugs.crypto.StaticIvDetectorTest"/>
  <testcase name="avoidFalsePositiveSecRandom" time="0.0" classname="com.h3xstream.findsecbugs.crypto.StaticIvDetectorTest"/>
  <testcase name="detectConstantIv" time="0.0" classname="com.h3xstream.findsecbugs.crypto.StaticIvDetectorTest"/>
  <testcase name="detectStaticIv" time="0.0" classname="com.h3xstream.findsecbugs.crypto.StaticIvDetectorTest"/>
  <testcase name="testSafeTestCases" time="0.0" classname="com.h3xstream.findsecbugs.taintanalysis.TaintAnalysisTaintedByAnnotationTest"/>
  <testcase name="testUnsafeTestCases" time="0.0" classname="com.h3xstream.findsecbugs.taintanalysis.TaintAnalysisTaintedByAnnotationTest"/>
  <testcase name="testVariousTaintedAnnotations" time="0.0" classname="com.h3xstream.findsecbugs.taintanalysis.TaintAnalysisTaintedByAnnotationTest"/>
  <testcase name="detectInjection" time="0.001" classname="com.h3xstream.findsecbugs.injection.sql.SqlMethodUnknownSourceTest"/>
  <testcase name="detectUnencryptedSocket" time="0.0" classname="com.h3xstream.findsecbugs.crypto.UnencryptedServerSocketDetectorTest"/>
  <testcase name="detectInjection" time="0.0" classname="com.h3xstream.findsecbugs.injection.sql.TorqueSqlDetectorTest"/>
  <testcase name="detectUnencryptedSocket" time="0.0" classname="com.h3xstream.findsecbugs.crypto.UnencryptedSocketDetectorTest"/>
  <testcase name="detectInjection" time="0.0" classname="com.h3xstream.findsecbugs.injection.sql.TurbineSqlDetectorTest"/>
  <testcase name="detectWeakDigest" time="0.0" classname="com.h3xstream.findsecbugs.crypto.WeakMessageDigestDetectorTest"/>
  <testcase name="detectWeakDigestAdditionalSignatures" time="0.0" classname="com.h3xstream.findsecbugs.crypto.WeakMessageDigestDetectorTest"/>
  <testcase name="detectWeakDigestApache" time="0.0" classname="com.h3xstream.findsecbugs.crypto.WeakMessageDigestDetectorTest"/>
  <testcase name="avoidFalsePositive" time="0.0" classname="com.h3xstream.findsecbugs.injection.stringbuilder.InjectionWithStringBuilderTest"/>
  <testcase name="detectSuspiciousCase" time="0.0" classname="com.h3xstream.findsecbugs.injection.stringbuilder.InjectionWithStringBuilderTest"/>
  <testcase name="detectWeakTLS" time="0.0" classname="com.h3xstream.findsecbugs.crypto.WeakTLSDetectorTest"/>
  <testcase name="detectTBV" time="0.0" classname="com.h3xstream.findsecbugs.injection.trust.TrustBoundaryViolationDetectorTest"/>
  <testcase name="detectWeakHostnameVerifier" time="0.0" classname="com.h3xstream.findsecbugs.crypto.WeakTrustManagerDetectorTest"/>
  <testcase name="detectWeakTrustManager" time="0.0" classname="com.h3xstream.findsecbugs.crypto.WeakTrustManagerDetectorTest"/>
  <testcase name="detectWeakTrustManagerSslDisabler" time="0.0" classname="com.h3xstream.findsecbugs.crypto.WeakTrustManagerDetectorTest"/>
  <testcase name="jspInclude1_unsafe" time="0.0" classname="com.h3xstream.findsecbugs.jsp.JspIncludeDetectorTest"/>
  <testcase name="jspInclude2_safe" time="0.0" classname="com.h3xstream.findsecbugs.jsp.JspIncludeDetectorTest"/>
  <testcase name="jspInclude3_unsafe" time="0.0" classname="com.h3xstream.findsecbugs.jsp.JspIncludeDetectorTest"/>
  <testcase name="detectSpringCsrfProtectionDisabled" time="0.0" classname="com.h3xstream.findsecbugs.csrf.SpringCsrfProtectionDisabledDetectorTest"/>
  <testcase name="jspSpringEval1_unsafe" time="0.0" classname="com.h3xstream.findsecbugs.jsp.JspSpringEvalDetectorTest"/>
  <testcase name="jspSpringEval2_unsafe" time="0.0" classname="com.h3xstream.findsecbugs.jsp.JspSpringEvalDetectorTest"/>
  <testcase name="jspSpringEval3_unsafe" time="0.0" classname="com.h3xstream.findsecbugs.jsp.JspSpringEvalDetectorTest"/>
  <testcase name="jspSpringEval4_safe" time="0.0" classname="com.h3xstream.findsecbugs.jsp.JspSpringEvalDetectorTest"/>
  <testcase name="avoidFalsePositiveOnSafeSpringCsrfRequestMapping" time="0.0" classname="com.h3xstream.findsecbugs.csrf.SpringCsrfUnrestrictedRequestMappingDetectorTest"/>
  <testcase name="detectSpringCsrfUnrestrictedRequestMapping" time="0.0" classname="com.h3xstream.findsecbugs.csrf.SpringCsrfUnrestrictedRequestMappingDetectorTest"/>
  <testcase name="detectJaxRsEndpoint" time="0.0" classname="com.h3xstream.findsecbugs.endpoint.JaxRsEndpointDetectorTest"/>
  <testcase name="jspEscape1_safe" time="0.0" classname="com.h3xstream.findsecbugs.jsp.JstlOutDetectorTest"/>
  <testcase name="jspEscape2_unsafe" time="0.0" classname="com.h3xstream.findsecbugs.jsp.JstlOutDetectorTest"/>
  <testcase name="jspEscape3_safe" time="0.0" classname="com.h3xstream.findsecbugs.jsp.JstlOutDetectorTest"/>
  <testcase name="jspEscape4_unknown" time="0.0" classname="com.h3xstream.findsecbugs.jsp.JstlOutDetectorTest"/>
  <testcase name="detectJaxWsEndpoint" time="0.0" classname="com.h3xstream.findsecbugs.endpoint.JaxWsEndpointDetectorTest"/>
  <testcase name="jspEscape_weblogic" time="0.0" classname="com.h3xstream.findsecbugs.jsp.JstlOutDetectorWeblogicTest"/>
  <testcase name="detectServletVariousInputs" time="0.0" classname="com.h3xstream.findsecbugs.endpoint.ServletEndpointDetectorTest"/>
  <testcase name="detectSpringController" time="0.0" classname="com.h3xstream.findsecbugs.endpoint.SpringMvcEndpointDetectorTest"/>
  <testcase name="detectStruts1Endpoint" time="0.0" classname="com.h3xstream.findsecbugs.endpoint.Struts1EndpointDetectorTest"/>
  <testcase name="detectStruts2Endpoint" time="0.0" classname="com.h3xstream.findsecbugs.endpoint.Struts2EndpointDetectorTest"/>
  <testcase name="detectTapestryPagePojo" time="0.0" classname="com.h3xstream.findsecbugs.endpoint.TapestryEndpointDetectorTest"/>
  <testcase name="detectTapestryPageWithFrameworkReference" time="0.0" classname="com.h3xstream.findsecbugs.endpoint.TapestryEndpointDetectorTest"/>
  <testcase name="noFalsePositiveOnOtherClass" time="0.0" classname="com.h3xstream.findsecbugs.endpoint.TapestryEndpointDetectorTest"/>
  <testcase name="detectWicketEndpoint" time="0.0" classname="com.h3xstream.findsecbugs.endpoint.WicketEndpointDetectorTest"/>
  <testcase name="detectCatalog" time="0.0" classname="com.h3xstream.findsecbugs.ExternalConfigurationControlDetectorTest"/>
  <testcase name="detectTaintedFilename" time="0.0" classname="com.h3xstream.findsecbugs.file.FileUploadFilenameDetectorTest"/>
  <testcase name="detectPathTraversal" time="0.0" classname="com.h3xstream.findsecbugs.file.PathTraversalDetectorTest"/>
</testsuite> <!-- Surefire test -->
